<?xml version="1.0" ?>
<!DOCTYPE coverage SYSTEM "http://cobertura.sourceforge.net/xml/coverage-04.dtd">
<coverage lines-valid="763" lines-covered="743" line-rate="0.9737" branches-valid="279" branches-covered="259" branch-rate="0.9283" timestamp="1686756958095" complexity="0" version="0.1">
  <sources>
    <source>/media/a/f8422fd2-b1bb-457f-a700-9f56bdc2ca14/Dropbox/code/lenka</source>
  </sources>
  <packages>
    <package name="main" line-rate="0.9737" branch-rate="0.9283">
      <classes>
        <class name="engine.js" filename="lib/src/engine.js" line-rate="1" branch-rate="1">
          <methods>
            <method name="customCopy" hits="314" signature="()V">
              <lines>
                <line number="5" hits="314"/>
              </lines>
            </method>
            <method name="createAndRegister" hits="136" signature="()V">
              <lines>
                <line number="13" hits="136"/>
              </lines>
            </method>
            <method name="copyProperty" hits="239" signature="()V">
              <lines>
                <line number="18" hits="239"/>
              </lines>
            </method>
            <method name="copyKeysAndProperties" hits="137" signature="()V">
              <lines>
                <line number="32" hits="137"/>
              </lines>
            </method>
            <method name="root" hits="314" signature="()V">
              <lines>
                <line number="57" hits="314"/>
              </lines>
            </method>
            <method name="clone" hits="40" signature="()V">
              <lines>
                <line number="95" hits="40"/>
              </lines>
            </method>
          </methods>
          <lines>
            <line number="1" hits="1" branch="true" condition-coverage="100% (1/1)"/>
            <line number="2" hits="1" branch="false"/>
            <line number="3" hits="1" branch="false"/>
            <line number="4" hits="1" branch="false"/>
            <line number="5" hits="314" branch="true" condition-coverage="100% (1/1)"/>
            <line number="6" hits="314" branch="false"/>
            <line number="7" hits="314" branch="true" condition-coverage="100% (1/1)"/>
            <line number="8" hits="217" branch="false"/>
            <line number="9" hits="217" branch="false"/>
            <line number="10" hits="314" branch="false"/>
            <line number="11" hits="314" branch="false"/>
            <line number="12" hits="314" branch="false"/>
            <line number="13" hits="136" branch="true" condition-coverage="100% (1/1)"/>
            <line number="14" hits="136" branch="false"/>
            <line number="15" hits="136" branch="false"/>
            <line number="16" hits="136" branch="false"/>
            <line number="17" hits="136" branch="false"/>
            <line number="18" hits="239" branch="true" condition-coverage="100% (1/1)"/>
            <line number="19" hits="239" branch="false"/>
            <line number="20" hits="239" branch="true" condition-coverage="100% (1/1)"/>
            <line number="21" hits="11" branch="false"/>
            <line number="22" hits="11" branch="false"/>
            <line number="23" hits="11" branch="true" condition-coverage="100% (2/2)"/>
            <line number="24" hits="8" branch="false"/>
            <line number="25" hits="8" branch="false"/>
            <line number="26" hits="11" branch="false"/>
            <line number="27" hits="11" branch="false"/>
            <line number="28" hits="228" branch="true" condition-coverage="100% (1/1)"/>
            <line number="29" hits="228" branch="false"/>
            <line number="30" hits="228" branch="false"/>
            <line number="31" hits="239" branch="false"/>
            <line number="32" hits="137" branch="true" condition-coverage="100% (1/1)"/>
            <line number="33" hits="137" branch="false"/>
            <line number="34" hits="137" branch="false"/>
            <line number="35" hits="137" branch="true" condition-coverage="100% (1/1)"/>
            <line number="36" hits="278" branch="true" condition-coverage="100% (2/2)"/>
            <line number="37" hits="3" branch="false"/>
            <line number="38" hits="3" branch="false"/>
            <line number="39" hits="278" branch="false"/>
            <line number="40" hits="278" branch="false"/>
            <line number="41" hits="278" branch="false"/>
            <line number="42" hits="278" branch="true" condition-coverage="100% (1/1)"/>
            <line number="43" hits="268" branch="false"/>
            <line number="44" hits="268" branch="true" condition-coverage="100% (1/1)"/>
            <line number="45" hits="239" branch="false"/>
            <line number="46" hits="239" branch="false"/>
            <line number="47" hits="268" branch="true" condition-coverage="100% (1/1)"/>
            <line number="48" hits="15" branch="false"/>
            <line number="49" hits="15" branch="false"/>
            <line number="50" hits="268" branch="true" condition-coverage="100% (1/1)"/>
            <line number="51" hits="14" branch="false"/>
            <line number="52" hits="14" branch="false"/>
            <line number="53" hits="268" branch="false"/>
            <line number="54" hits="268" branch="false"/>
            <line number="55" hits="278" branch="false"/>
            <line number="56" hits="137" branch="false"/>
            <line number="57" hits="314" branch="true" condition-coverage="100% (1/1)"/>
            <line number="58" hits="314" branch="false"/>
            <line number="59" hits="314" branch="true" condition-coverage="100% (1/1)"/>
            <line number="60" hits="177" branch="false"/>
            <line number="61" hits="177" branch="false"/>
            <line number="62" hits="137" branch="true" condition-coverage="100% (1/1)"/>
            <line number="63" hits="314" branch="true" condition-coverage="100% (1/1)"/>
            <line number="64" hits="38" branch="false"/>
            <line number="65" hits="38" branch="false"/>
            <line number="66" hits="314" branch="true" condition-coverage="100% (1/1)"/>
            <line number="67" hits="2" branch="true" condition-coverage="100% (1/1)"/>
            <line number="68" hits="1" branch="false"/>
            <line number="69" hits="1" branch="false"/>
            <line number="70" hits="1" branch="false"/>
            <line number="71" hits="1" branch="false"/>
            <line number="72" hits="1" branch="false"/>
            <line number="73" hits="1" branch="false"/>
            <line number="74" hits="1" branch="false"/>
            <line number="75" hits="1" branch="true" condition-coverage="100% (1/1)"/>
            <line number="76" hits="4" branch="false"/>
            <line number="77" hits="4" branch="false"/>
            <line number="78" hits="1" branch="false"/>
            <line number="79" hits="2" branch="false"/>
            <line number="80" hits="314" branch="true" condition-coverage="100% (1/1)"/>
            <line number="81" hits="1" branch="false"/>
            <line number="82" hits="1" branch="false"/>
            <line number="83" hits="314" branch="true" condition-coverage="100% (1/1)"/>
            <line number="84" hits="1" branch="false"/>
            <line number="85" hits="1" branch="false"/>
            <line number="86" hits="314" branch="true" condition-coverage="100% (1/1)"/>
            <line number="87" hits="1" branch="false"/>
            <line number="88" hits="1" branch="false"/>
            <line number="89" hits="314" branch="true" condition-coverage="100% (1/1)"/>
            <line number="90" hits="94" branch="false"/>
            <line number="91" hits="94" branch="false"/>
            <line number="92" hits="314" branch="false"/>
            <line number="93" hits="137" branch="true" condition-coverage="100% (1/1)"/>
            <line number="94" hits="314" branch="false"/>
            <line number="95" hits="40" branch="true" condition-coverage="100% (1/1)"/>
            <line number="96" hits="40" branch="false"/>
            <line number="97" hits="40" branch="false"/>
            <line number="98" hits="40" branch="false"/>
            <line number="99" hits="40" branch="false"/>
            <line number="100" hits="40" branch="true" condition-coverage="100% (3/3)"/>
            <line number="101" hits="40" branch="true" condition-coverage="100% (1/1)"/>
            <line number="102" hits="40" branch="true" condition-coverage="100% (1/1)"/>
            <line number="103" hits="40" branch="false"/>
            <line number="104" hits="1" branch="false"/>
          </lines>
        </class>
        <class name="is_it_the_same_as.js" filename="lib/src/is_it_the_same_as.js" line-rate="1" branch-rate="0.9538">
          <methods>
            <method name="objectPropertiesCheck" hits="116" signature="()V">
              <lines>
                <line number="7" hits="116"/>
              </lines>
            </method>
            <method name="isDescriptorsDifferent" hits="26" signature="()V">
              <lines>
                <line number="14" hits="26"/>
              </lines>
            </method>
            <method name="isSameSet" hits="12" signature="()V">
              <lines>
                <line number="22" hits="12"/>
              </lines>
            </method>
            <method name="isSameMap" hits="20" signature="()V">
              <lines>
                <line number="28" hits="20"/>
              </lines>
            </method>
            <method name="isSameArray" hits="83" signature="()V">
              <lines>
                <line number="41" hits="83"/>
              </lines>
            </method>
            <method name="isSameObject" hits="94" signature="()V">
              <lines>
                <line number="59" hits="94"/>
              </lines>
            </method>
            <method name="sameInternal" hits="477" signature="()V">
              <lines>
                <line number="83" hits="477"/>
              </lines>
            </method>
            <method name="isItTheSameAs" hits="149" signature="()V">
              <lines>
                <line number="102" hits="149"/>
              </lines>
            </method>
          </methods>
          <lines>
            <line number="1" hits="1" branch="true" condition-coverage="100% (1/1)"/>
            <line number="2" hits="1" branch="false"/>
            <line number="3" hits="1" branch="false"/>
            <line number="4" hits="1" branch="false"/>
            <line number="5" hits="1" branch="false"/>
            <line number="6" hits="1" branch="false"/>
            <line number="7" hits="116" branch="true" condition-coverage="100% (1/1)"/>
            <line number="8" hits="116" branch="false"/>
            <line number="9" hits="116" branch="true" condition-coverage="100% (1/1)"/>
            <line number="10" hits="18" branch="true" condition-coverage="100% (1/1)"/>
            <line number="11" hits="18" branch="true" condition-coverage="100% (1/1)"/>
            <line number="12" hits="116" branch="true" condition-coverage="100% (1/1)"/>
            <line number="13" hits="116" branch="false"/>
            <line number="14" hits="26" branch="true" condition-coverage="100% (1/1)"/>
            <line number="15" hits="26" branch="false"/>
            <line number="16" hits="26" branch="false"/>
            <line number="17" hits="26" branch="true" condition-coverage="100% (1/1)"/>
            <line number="18" hits="26" branch="true" condition-coverage="100% (1/1)"/>
            <line number="19" hits="26" branch="true" condition-coverage="50% (1/2)"/>
            <line number="20" hits="26" branch="true" condition-coverage="50% (1/2)"/>
            <line number="21" hits="26" branch="false"/>
            <line number="22" hits="12" branch="true" condition-coverage="100% (1/1)"/>
            <line number="23" hits="12" branch="true" condition-coverage="100% (2/2)"/>
            <line number="24" hits="2" branch="false"/>
            <line number="25" hits="2" branch="false"/>
            <line number="26" hits="10" branch="true" condition-coverage="100% (1/1)"/>
            <line number="27" hits="12" branch="false"/>
            <line number="28" hits="20" branch="true" condition-coverage="100% (1/1)"/>
            <line number="29" hits="20" branch="false"/>
            <line number="30" hits="20" branch="true" condition-coverage="100% (2/2)"/>
            <line number="31" hits="20" branch="true" condition-coverage="100% (2/2)"/>
            <line number="32" hits="6" branch="false"/>
            <line number="33" hits="6" branch="false"/>
            <line number="34" hits="20" branch="true" condition-coverage="100% (1/1)"/>
            <line number="35" hits="24" branch="true" condition-coverage="100% (1/1)"/>
            <line number="36" hits="8" branch="false"/>
            <line number="37" hits="8" branch="false"/>
            <line number="38" hits="24" branch="false"/>
            <line number="39" hits="20" branch="false"/>
            <line number="40" hits="20" branch="false"/>
            <line number="41" hits="83" branch="true" condition-coverage="100% (1/1)"/>
            <line number="42" hits="83" branch="true" condition-coverage="100% (2/2)"/>
            <line number="43" hits="4" branch="false"/>
            <line number="44" hits="4" branch="false"/>
            <line number="45" hits="79" branch="true" condition-coverage="100% (1/1)"/>
            <line number="46" hits="83" branch="true" condition-coverage="100% (2/2)"/>
            <line number="47" hits="2" branch="false"/>
            <line number="48" hits="2" branch="false"/>
            <line number="49" hits="83" branch="true" condition-coverage="100% (1/1)"/>
            <line number="50" hits="4" branch="false"/>
            <line number="51" hits="4" branch="false"/>
            <line number="52" hits="83" branch="true" condition-coverage="100% (2/2)"/>
            <line number="53" hits="160" branch="true" condition-coverage="100% (1/1)"/>
            <line number="54" hits="12" branch="false"/>
            <line number="55" hits="12" branch="false"/>
            <line number="56" hits="160" branch="false"/>
            <line number="57" hits="61" branch="true" condition-coverage="100% (1/1)"/>
            <line number="58" hits="83" branch="false"/>
            <line number="59" hits="94" branch="true" condition-coverage="100% (1/1)"/>
            <line number="60" hits="94" branch="true" condition-coverage="100% (2/2)"/>
            <line number="61" hits="4" branch="false"/>
            <line number="62" hits="4" branch="false"/>
            <line number="63" hits="90" branch="true" condition-coverage="100% (1/1)"/>
            <line number="64" hits="94" branch="true" condition-coverage="100% (2/2)"/>
            <line number="65" hits="4" branch="false"/>
            <line number="66" hits="4" branch="false"/>
            <line number="67" hits="86" branch="true" condition-coverage="100% (1/1)"/>
            <line number="68" hits="86" branch="false"/>
            <line number="69" hits="94" branch="true" condition-coverage="100% (1/1)"/>
            <line number="70" hits="8" branch="false"/>
            <line number="71" hits="8" branch="false"/>
            <line number="72" hits="94" branch="true" condition-coverage="100% (2/2)"/>
            <line number="73" hits="140" branch="true" condition-coverage="100% (2/2)"/>
            <line number="74" hits="5" branch="false"/>
            <line number="75" hits="5" branch="false"/>
            <line number="76" hits="140" branch="true" condition-coverage="100% (1/1)"/>
            <line number="77" hits="18" branch="false"/>
            <line number="78" hits="18" branch="false"/>
            <line number="79" hits="140" branch="false"/>
            <line number="80" hits="94" branch="false"/>
            <line number="81" hits="94" branch="false"/>
            <line number="82" hits="1" branch="false"/>
            <line number="83" hits="477" branch="true" condition-coverage="100% (1/1)"/>
            <line number="84" hits="477" branch="true" condition-coverage="100% (1/1)"/>
            <line number="85" hits="12" branch="false"/>
            <line number="86" hits="12" branch="false"/>
            <line number="87" hits="477" branch="true" condition-coverage="100% (1/1)"/>
            <line number="88" hits="20" branch="false"/>
            <line number="89" hits="20" branch="false"/>
            <line number="90" hits="477" branch="true" condition-coverage="100% (2/2)"/>
            <line number="91" hits="83" branch="false"/>
            <line number="92" hits="83" branch="false"/>
            <line number="93" hits="477" branch="true" condition-coverage="100% (3/3)"/>
            <line number="94" hits="94" branch="false"/>
            <line number="95" hits="94" branch="false"/>
            <line number="96" hits="477" branch="true" condition-coverage="100% (2/2)"/>
            <line number="97" hits="24" branch="false"/>
            <line number="98" hits="24" branch="false"/>
            <line number="99" hits="24" branch="false"/>
            <line number="100" hits="477" branch="true" condition-coverage="100% (3/3)"/>
            <line number="101" hits="477" branch="false"/>
            <line number="102" hits="149" branch="true" condition-coverage="100% (1/1)"/>
            <line number="103" hits="149" branch="true" condition-coverage="50% (1/2)"/>
            <line number="104" hits="1" branch="true" condition-coverage="100% (1/1)"/>
            <line number="105" hits="1" branch="false"/>
            <line number="106" hits="149" branch="false"/>
            <line number="107" hits="149" branch="false"/>
            <line number="108" hits="149" branch="false"/>
            <line number="109" hits="1" branch="false"/>
          </lines>
        </class>
        <class name="service.js" filename="lib/src/service.js" line-rate="0.9686" branch-rate="0.9773999999999999">
          <methods>
            <method name="Source" hits="314" signature="()V">
              <lines>
                <line number="49" hits="314"/>
              </lines>
            </method>
            <method name="createRootSource" hits="39" signature="()V">
              <lines>
                <line number="56" hits="39"/>
              </lines>
            </method>
            <method name="createChild" hits="275" signature="()V">
              <lines>
                <line number="69" hits="275"/>
              </lines>
            </method>
            <method name="addToSourcesToLabels" hits="314" signature="()V">
              <lines>
                <line number="102" hits="314"/>
              </lines>
            </method>
            <method name="setFlags" hits="314" signature="()V">
              <lines>
                <line number="124" hits="314"/>
              </lines>
            </method>
            <method name="setValueAndType" hits="314" signature="()V">
              <lines>
                <line number="136" hits="314"/>
              </lines>
            </method>
            <method name="get value" hits="1249" signature="()V">
              <lines>
                <line number="170" hits="1249"/>
              </lines>
            </method>
            <method name="get type" hits="137" signature="()V">
              <lines>
                <line number="174" hits="137"/>
              </lines>
            </method>
            <method name="get parentSource" hits="10" signature="()V">
              <lines>
                <line number="177" hits="10"/>
              </lines>
            </method>
            <method name="set parentSource" hits="0" signature="()V">
              <lines>
                <line number="180" hits="0"/>
              </lines>
            </method>
            <method name="get root" hits="23" signature="()V">
              <lines>
                <line number="183" hits="23"/>
              </lines>
            </method>
            <method name="set root" hits="0" signature="()V">
              <lines>
                <line number="186" hits="0"/>
              </lines>
            </method>
            <method name="get childrenPartial" hits="175" signature="()V">
              <lines>
                <line number="189" hits="175"/>
              </lines>
            </method>
            <method name="get target" hits="945" signature="()V">
              <lines>
                <line number="192" hits="945"/>
              </lines>
            </method>
            <method name="set target" hits="361" signature="()V">
              <lines>
                <line number="196" hits="361"/>
              </lines>
            </method>
            <method name="get index" hits="11" signature="()V">
              <lines>
                <line number="199" hits="11"/>
              </lines>
            </method>
            <method name="set index" hits="0" signature="()V">
              <lines>
                <line number="202" hits="0"/>
              </lines>
            </method>
            <method name="get level" hits="56" signature="()V">
              <lines>
                <line number="205" hits="56"/>
              </lines>
            </method>
            <method name="set level" hits="0" signature="()V">
              <lines>
                <line number="208" hits="0"/>
              </lines>
            </method>
            <method name="get label" hits="216" signature="()V">
              <lines>
                <line number="211" hits="216"/>
              </lines>
            </method>
            <method name="set label" hits="314" signature="()V">
              <lines>
                <line number="214" hits="314"/>
              </lines>
            </method>
            <method name="get producedBy" hits="424" signature="()V">
              <lines>
                <line number="217" hits="424"/>
              </lines>
            </method>
            <method name="get producedAs" hits="16" signature="()V">
              <lines>
                <line number="221" hits="16"/>
              </lines>
            </method>
            <method name="get isItADouble" hits="23" signature="()V">
              <lines>
                <line number="224" hits="23"/>
              </lines>
            </method>
            <method name="set isItADouble" hits="0" signature="()V">
              <lines>
                <line number="227" hits="0"/>
              </lines>
            </method>
            <method name="get isItAPrimitive" hits="328" signature="()V">
              <lines>
                <line number="230" hits="328"/>
              </lines>
            </method>
            <method name="get isItMissed" hits="417" signature="()V">
              <lines>
                <line number="236" hits="417"/>
              </lines>
            </method>
            <method name="get isItProcessed" hits="314" signature="()V">
              <lines>
                <line number="239" hits="314"/>
              </lines>
            </method>
            <method name="get summary" hits="933" signature="()V">
              <lines>
                <line number="245" hits="933"/>
              </lines>
            </method>
            <method name="buildChildrenPartial" hits="314" signature="()V">
              <lines>
                <line number="257" hits="314"/>
              </lines>
            </method>
            <method name="Results" hits="17" signature="()V">
              <lines>
                <line number="288" hits="17"/>
              </lines>
            </method>
            <method name="get accumulator" hits="9" signature="()V">
              <lines>
                <line number="293" hits="9"/>
              </lines>
            </method>
            <method name="get options" hits="1" signature="()V">
              <lines>
                <line number="296" hits="1"/>
              </lines>
            </method>
            <method name="get result" hits="8" signature="()V">
              <lines>
                <line number="299" hits="8"/>
              </lines>
            </method>
            <method name="_deleteByLabel" hits="6" signature="()V">
              <lines>
                <line number="302" hits="6"/>
              </lines>
            </method>
            <method name="_setByLabel" hits="7" signature="()V">
              <lines>
                <line number="305" hits="7"/>
              </lines>
            </method>
            <method name="Summary" hits="40" signature="()V">
              <lines>
                <line number="311" hits="40"/>
              </lines>
            </method>
            <method name="addToAllSources" hits="314" signature="()V">
              <lines>
                <line number="330" hits="314"/>
              </lines>
            </method>
            <method name="addToSourcesToLabels" hits="314" signature="()V">
              <lines>
                <line number="334" hits="314"/>
              </lines>
            </method>
            <method name="getTargetBySource" hits="314" signature="()V">
              <lines>
                <line number="341" hits="314"/>
              </lines>
            </method>
            <method name="setAndGetResult" hits="17" signature="()V">
              <lines>
                <line number="346" hits="17"/>
              </lines>
            </method>
            <method name="setByLabel" hits="7" signature="()V">
              <lines>
                <line number="350" hits="7"/>
              </lines>
            </method>
            <method name="deleteByLabel" hits="6" signature="()V">
              <lines>
                <line number="372" hits="6"/>
              </lines>
            </method>
            <method name="get accumulator" hits="73" signature="()V">
              <lines>
                <line number="392" hits="73"/>
              </lines>
            </method>
            <method name="get result" hits="8" signature="()V">
              <lines>
                <line number="395" hits="8"/>
              </lines>
            </method>
            <method name="get rawOptions" hits="159" signature="()V">
              <lines>
                <line number="398" hits="159"/>
              </lines>
            </method>
            <method name="get finalOptions" hits="867" signature="()V">
              <lines>
                <line number="401" hits="867"/>
              </lines>
            </method>
            <method name="get roots" hits="39" signature="()V">
              <lines>
                <line number="404" hits="39"/>
              </lines>
            </method>
            <method name="buildFinalOptions" hits="39" signature="()V">
              <lines>
                <line number="407" hits="39"/>
              </lines>
            </method>
            <method name="initRoots" hits="39" signature="()V">
              <lines>
                <line number="416" hits="39"/>
              </lines>
            </method>
            <method name="checkLabel" hits="13" signature="()V">
              <lines>
                <line number="426" hits="13"/>
              </lines>
            </method>
            <method name="CustomizerParams" hits="241" signature="()V">
              <lines>
                <line number="437" hits="241"/>
              </lines>
            </method>
            <method name="get value" hits="19" signature="()V">
              <lines>
                <line number="440" hits="19"/>
              </lines>
            </method>
            <method name="get key" hits="180" signature="()V">
              <lines>
                <line number="444" hits="180"/>
              </lines>
            </method>
            <method name="get parent" hits="2" signature="()V">
              <lines>
                <line number="448" hits="2"/>
              </lines>
            </method>
            <method name="get root" hits="23" signature="()V">
              <lines>
                <line number="453" hits="23"/>
              </lines>
            </method>
            <method name="get index" hits="11" signature="()V">
              <lines>
                <line number="456" hits="11"/>
              </lines>
            </method>
            <method name="get level" hits="56" signature="()V">
              <lines>
                <line number="459" hits="56"/>
              </lines>
            </method>
            <method name="get label" hits="75" signature="()V">
              <lines>
                <line number="462" hits="75"/>
              </lines>
            </method>
            <method name="get isItAdouble" hits="23" signature="()V">
              <lines>
                <line number="465" hits="23"/>
              </lines>
            </method>
            <method name="get isItAPrimitive" hits="23" signature="()V">
              <lines>
                <line number="468" hits="23"/>
              </lines>
            </method>
            <method name="get accumulator" hits="64" signature="()V">
              <lines>
                <line number="471" hits="64"/>
              </lines>
            </method>
            <method name="get options" hits="2" signature="()V">
              <lines>
                <line number="474" hits="2"/>
              </lines>
            </method>
          </methods>
          <lines>
            <line number="1" hits="1" branch="true" condition-coverage="100% (1/1)"/>
            <line number="2" hits="1" branch="false"/>
            <line number="3" hits="1" branch="false"/>
            <line number="4" hits="1" branch="false"/>
            <line number="5" hits="1" branch="false"/>
            <line number="6" hits="1" branch="false"/>
            <line number="7" hits="1" branch="false"/>
            <line number="8" hits="1" branch="false"/>
            <line number="9" hits="1" branch="false"/>
            <line number="10" hits="1" branch="false"/>
            <line number="11" hits="1" branch="false"/>
            <line number="12" hits="1" branch="false"/>
            <line number="13" hits="1" branch="false"/>
            <line number="14" hits="1" branch="false"/>
            <line number="15" hits="1" branch="false"/>
            <line number="16" hits="1" branch="false"/>
            <line number="17" hits="1" branch="false"/>
            <line number="18" hits="1" branch="false"/>
            <line number="19" hits="1" branch="false"/>
            <line number="20" hits="1" branch="false"/>
            <line number="21" hits="1" branch="false"/>
            <line number="22" hits="1" branch="false"/>
            <line number="23" hits="1" branch="false"/>
            <line number="24" hits="1" branch="false"/>
            <line number="25" hits="1" branch="false"/>
            <line number="26" hits="1" branch="false"/>
            <line number="27" hits="1" branch="false"/>
            <line number="28" hits="1" branch="false"/>
            <line number="29" hits="1" branch="false"/>
            <line number="30" hits="1" branch="false"/>
            <line number="31" hits="1" branch="false"/>
            <line number="32" hits="1" branch="false"/>
            <line number="33" hits="1" branch="false"/>
            <line number="34" hits="1" branch="false"/>
            <line number="35" hits="1" branch="false"/>
            <line number="36" hits="1" branch="false"/>
            <line number="37" hits="1" branch="false"/>
            <line number="38" hits="1" branch="false"/>
            <line number="39" hits="1" branch="false"/>
            <line number="40" hits="1" branch="false"/>
            <line number="41" hits="1" branch="false"/>
            <line number="42" hits="1" branch="false"/>
            <line number="43" hits="1" branch="false"/>
            <line number="44" hits="1" branch="false"/>
            <line number="45" hits="1" branch="false"/>
            <line number="46" hits="1" branch="false"/>
            <line number="47" hits="1" branch="false"/>
            <line number="48" hits="1" branch="false"/>
            <line number="49" hits="1" branch="true" condition-coverage="100% (1/1)"/>
            <line number="50" hits="314" branch="false"/>
            <line number="51" hits="314" branch="false"/>
            <line number="52" hits="314" branch="false"/>
            <line number="53" hits="314" branch="false"/>
            <line number="54" hits="314" branch="false"/>
            <line number="55" hits="314" branch="false"/>
            <line number="56" hits="1" branch="true" condition-coverage="100% (1/1)"/>
            <line number="57" hits="39" branch="false"/>
            <line number="58" hits="39" branch="false"/>
            <line number="59" hits="39" branch="false"/>
            <line number="60" hits="39" branch="false"/>
            <line number="61" hits="39" branch="false"/>
            <line number="62" hits="39" branch="false"/>
            <line number="63" hits="39" branch="false"/>
            <line number="64" hits="39" branch="false"/>
            <line number="65" hits="39" branch="false"/>
            <line number="66" hits="39" branch="false"/>
            <line number="67" hits="39" branch="false"/>
            <line number="68" hits="39" branch="false"/>
            <line number="69" hits="1" branch="true" condition-coverage="100% (1/1)"/>
            <line number="70" hits="275" branch="false"/>
            <line number="71" hits="275" branch="true" condition-coverage="0% (0/1)"/>
            <line number="72" hits="0" branch="false"/>
            <line number="73" hits="0" branch="false"/>
            <line number="74" hits="275" branch="false"/>
            <line number="75" hits="275" branch="false"/>
            <line number="76" hits="275" branch="true" condition-coverage="100% (1/1)"/>
            <line number="77" hits="17" branch="false"/>
            <line number="78" hits="17" branch="false"/>
            <line number="79" hits="275" branch="true" condition-coverage="100% (1/1)"/>
            <line number="80" hits="242" branch="false"/>
            <line number="81" hits="242" branch="false"/>
            <line number="82" hits="275" branch="true" condition-coverage="100% (1/1)"/>
            <line number="83" hits="16" branch="false"/>
            <line number="84" hits="16" branch="false"/>
            <line number="85" hits="275" branch="true" condition-coverage="0% (0/1)"/>
            <line number="86" hits="0" branch="false"/>
            <line number="87" hits="275" branch="false"/>
            <line number="88" hits="275" branch="false"/>
            <line number="89" hits="275" branch="false"/>
            <line number="90" hits="275" branch="false"/>
            <line number="91" hits="275" branch="false"/>
            <line number="92" hits="275" branch="false"/>
            <line number="93" hits="275" branch="false"/>
            <line number="94" hits="275" branch="false"/>
            <line number="95" hits="275" branch="false"/>
            <line number="96" hits="275" branch="false"/>
            <line number="97" hits="275" branch="false"/>
            <line number="98" hits="275" branch="false"/>
            <line number="99" hits="275" branch="false"/>
            <line number="100" hits="275" branch="false"/>
            <line number="101" hits="275" branch="false"/>
            <line number="102" hits="1" branch="true" condition-coverage="100% (1/1)"/>
            <line number="103" hits="314" branch="false"/>
            <line number="104" hits="314" branch="false"/>
            <line number="105" hits="1" branch="false"/>
            <line number="106" hits="1" branch="false"/>
            <line number="107" hits="1" branch="false"/>
            <line number="108" hits="1" branch="false"/>
            <line number="109" hits="1" branch="false"/>
            <line number="110" hits="1" branch="false"/>
            <line number="111" hits="1" branch="false"/>
            <line number="112" hits="1" branch="false"/>
            <line number="113" hits="1" branch="false"/>
            <line number="114" hits="1" branch="false"/>
            <line number="115" hits="1" branch="false"/>
            <line number="116" hits="1" branch="false"/>
            <line number="117" hits="1" branch="false"/>
            <line number="118" hits="1" branch="false"/>
            <line number="119" hits="1" branch="false"/>
            <line number="120" hits="1" branch="false"/>
            <line number="121" hits="1" branch="false"/>
            <line number="122" hits="1" branch="false"/>
            <line number="123" hits="1" branch="false"/>
            <line number="124" hits="1" branch="true" condition-coverage="100% (1/1)"/>
            <line number="125" hits="314" branch="false"/>
            <line number="126" hits="314" branch="false"/>
            <line number="127" hits="314" branch="true" condition-coverage="100% (1/1)"/>
            <line number="128" hits="314" branch="false"/>
            <line number="129" hits="314" branch="true" condition-coverage="100% (1/1)"/>
            <line number="130" hits="314" branch="true" condition-coverage="100% (1/1)"/>
            <line number="131" hits="314" branch="true" condition-coverage="100% (1/1)"/>
            <line number="132" hits="314" branch="true" condition-coverage="100% (3/3)"/>
            <line number="133" hits="163" branch="false"/>
            <line number="134" hits="163" branch="false"/>
            <line number="135" hits="314" branch="false"/>
            <line number="136" hits="1" branch="true" condition-coverage="100% (1/1)"/>
            <line number="137" hits="314" branch="false"/>
            <line number="138" hits="314" branch="true" condition-coverage="0% (0/1)"/>
            <line number="139" hits="0" branch="false"/>
            <line number="140" hits="0" branch="false"/>
            <line number="141" hits="314" branch="true" condition-coverage="100% (1/1)"/>
            <line number="142" hits="41" branch="false"/>
            <line number="143" hits="41" branch="false"/>
            <line number="144" hits="273" branch="true" condition-coverage="100% (2/2)"/>
            <line number="145" hits="5" branch="false"/>
            <line number="146" hits="5" branch="false"/>
            <line number="147" hits="273" branch="true" condition-coverage="100% (1/1)"/>
            <line number="148" hits="7" branch="false"/>
            <line number="149" hits="7" branch="false"/>
            <line number="150" hits="273" branch="true" condition-coverage="100% (1/1)"/>
            <line number="151" hits="2" branch="false"/>
            <line number="152" hits="2" branch="false"/>
            <line number="153" hits="259" branch="true" condition-coverage="100% (2/2)"/>
            <line number="154" hits="1" branch="false"/>
            <line number="155" hits="1" branch="false"/>
            <line number="156" hits="259" branch="true" condition-coverage="100% (1/1)"/>
            <line number="157" hits="1" branch="false"/>
            <line number="158" hits="1" branch="false"/>
            <line number="159" hits="257" branch="true" condition-coverage="100% (2/2)"/>
            <line number="160" hits="1" branch="false"/>
            <line number="161" hits="1" branch="false"/>
            <line number="162" hits="257" branch="true" condition-coverage="100% (1/1)"/>
            <line number="163" hits="94" branch="true" condition-coverage="100% (2/2)"/>
            <line number="164" hits="94" branch="false"/>
            <line number="165" hits="257" branch="false"/>
            <line number="166" hits="257" branch="false"/>
            <line number="167" hits="257" branch="false"/>
            <line number="168" hits="314" branch="false"/>
            <line number="169" hits="314" branch="false"/>
            <line number="170" hits="1" branch="true" condition-coverage="100% (1/1)"/>
            <line number="171" hits="1249" branch="false"/>
            <line number="172" hits="1249" branch="false"/>
            <line number="173" hits="1249" branch="false"/>
            <line number="174" hits="1" branch="true" condition-coverage="100% (1/1)"/>
            <line number="175" hits="137" branch="false"/>
            <line number="176" hits="137" branch="false"/>
            <line number="177" hits="1" branch="true" condition-coverage="100% (1/1)"/>
            <line number="178" hits="10" branch="false"/>
            <line number="179" hits="10" branch="false"/>
            <line number="180" hits="1" branch="false"/>
            <line number="181" hits="0" branch="false"/>
            <line number="182" hits="0" branch="false"/>
            <line number="183" hits="1" branch="true" condition-coverage="100% (1/1)"/>
            <line number="184" hits="23" branch="false"/>
            <line number="185" hits="23" branch="false"/>
            <line number="186" hits="1" branch="false"/>
            <line number="187" hits="0" branch="false"/>
            <line number="188" hits="0" branch="false"/>
            <line number="189" hits="1" branch="true" condition-coverage="100% (1/1)"/>
            <line number="190" hits="175" branch="false"/>
            <line number="191" hits="175" branch="false"/>
            <line number="192" hits="1" branch="true" condition-coverage="100% (1/1)"/>
            <line number="193" hits="945" branch="false"/>
            <line number="194" hits="945" branch="false"/>
            <line number="195" hits="945" branch="false"/>
            <line number="196" hits="1" branch="true" condition-coverage="100% (1/1)"/>
            <line number="197" hits="361" branch="false"/>
            <line number="198" hits="361" branch="false"/>
            <line number="199" hits="1" branch="true" condition-coverage="100% (1/1)"/>
            <line number="200" hits="11" branch="false"/>
            <line number="201" hits="11" branch="false"/>
            <line number="202" hits="1" branch="false"/>
            <line number="203" hits="0" branch="false"/>
            <line number="204" hits="0" branch="false"/>
            <line number="205" hits="1" branch="true" condition-coverage="100% (1/1)"/>
            <line number="206" hits="56" branch="false"/>
            <line number="207" hits="56" branch="false"/>
            <line number="208" hits="1" branch="false"/>
            <line number="209" hits="0" branch="false"/>
            <line number="210" hits="0" branch="false"/>
            <line number="211" hits="1" branch="true" condition-coverage="100% (1/1)"/>
            <line number="212" hits="216" branch="false"/>
            <line number="213" hits="216" branch="false"/>
            <line number="214" hits="1" branch="true" condition-coverage="100% (1/1)"/>
            <line number="215" hits="314" branch="false"/>
            <line number="216" hits="314" branch="false"/>
            <line number="217" hits="1" branch="true" condition-coverage="100% (1/1)"/>
            <line number="218" hits="424" branch="false"/>
            <line number="219" hits="424" branch="false"/>
            <line number="220" hits="424" branch="false"/>
            <line number="221" hits="1" branch="true" condition-coverage="100% (1/1)"/>
            <line number="222" hits="16" branch="false"/>
            <line number="223" hits="16" branch="false"/>
            <line number="224" hits="1" branch="true" condition-coverage="100% (1/1)"/>
            <line number="225" hits="23" branch="false"/>
            <line number="226" hits="23" branch="false"/>
            <line number="227" hits="1" branch="false"/>
            <line number="228" hits="0" branch="false"/>
            <line number="229" hits="0" branch="false"/>
            <line number="230" hits="1" branch="true" condition-coverage="100% (1/1)"/>
            <line number="231" hits="328" branch="false"/>
            <line number="232" hits="328" branch="false"/>
            <line number="233" hits="1" branch="false"/>
            <line number="234" hits="1" branch="false"/>
            <line number="235" hits="1" branch="false"/>
            <line number="236" hits="1" branch="true" condition-coverage="100% (1/1)"/>
            <line number="237" hits="417" branch="false"/>
            <line number="238" hits="417" branch="false"/>
            <line number="239" hits="1" branch="true" condition-coverage="100% (1/1)"/>
            <line number="240" hits="314" branch="false"/>
            <line number="241" hits="314" branch="false"/>
            <line number="242" hits="1" branch="false"/>
            <line number="243" hits="1" branch="false"/>
            <line number="244" hits="1" branch="false"/>
            <line number="245" hits="1" branch="true" condition-coverage="100% (1/1)"/>
            <line number="246" hits="933" branch="false"/>
            <line number="247" hits="933" branch="false"/>
            <line number="248" hits="1" branch="false"/>
            <line number="249" hits="1" branch="false"/>
            <line number="250" hits="1" branch="false"/>
            <line number="251" hits="1" branch="false"/>
            <line number="252" hits="1" branch="false"/>
            <line number="253" hits="1" branch="false"/>
            <line number="254" hits="1" branch="false"/>
            <line number="255" hits="1" branch="false"/>
            <line number="256" hits="1" branch="false"/>
            <line number="257" hits="1" branch="true" condition-coverage="100% (1/1)"/>
            <line number="258" hits="314" branch="false"/>
            <line number="259" hits="314" branch="false"/>
            <line number="260" hits="314" branch="true" condition-coverage="100% (1/1)"/>
            <line number="261" hits="163" branch="false"/>
            <line number="262" hits="163" branch="false"/>
            <line number="263" hits="314" branch="true" condition-coverage="100% (1/1)"/>
            <line number="264" hits="323" branch="true" condition-coverage="100% (3/3)"/>
            <line number="265" hits="282" branch="false"/>
            <line number="266" hits="282" branch="false"/>
            <line number="267" hits="282" branch="false"/>
            <line number="268" hits="282" branch="false"/>
            <line number="269" hits="282" branch="false"/>
            <line number="270" hits="282" branch="false"/>
            <line number="271" hits="323" branch="false"/>
            <line number="272" hits="314" branch="false"/>
            <line number="273" hits="314" branch="false"/>
            <line number="274" hits="314" branch="true" condition-coverage="100% (2/2)"/>
            <line number="275" hits="12" branch="true" condition-coverage="100% (1/1)"/>
            <line number="276" hits="38" branch="false"/>
            <line number="277" hits="38" branch="false"/>
            <line number="278" hits="38" branch="false"/>
            <line number="279" hits="38" branch="true" condition-coverage="100% (2/2)"/>
            <line number="280" hits="38" branch="false"/>
            <line number="281" hits="38" branch="false"/>
            <line number="282" hits="12" branch="false"/>
            <line number="283" hits="314" branch="false"/>
            <line number="284" hits="1" branch="false"/>
            <line number="285" hits="1" branch="false"/>
            <line number="286" hits="1" branch="false"/>
            <line number="287" hits="1" branch="false"/>
            <line number="288" hits="1" branch="true" condition-coverage="100% (1/1)"/>
            <line number="289" hits="17" branch="false"/>
            <line number="290" hits="17" branch="false"/>
            <line number="291" hits="17" branch="false"/>
            <line number="292" hits="17" branch="false"/>
            <line number="293" hits="1" branch="true" condition-coverage="100% (1/1)"/>
            <line number="294" hits="9" branch="false"/>
            <line number="295" hits="9" branch="false"/>
            <line number="296" hits="1" branch="true" condition-coverage="100% (1/1)"/>
            <line number="297" hits="1" branch="false"/>
            <line number="298" hits="1" branch="false"/>
            <line number="299" hits="1" branch="true" condition-coverage="100% (1/1)"/>
            <line number="300" hits="8" branch="false"/>
            <line number="301" hits="8" branch="false"/>
            <line number="302" hits="1" branch="true" condition-coverage="100% (1/1)"/>
            <line number="303" hits="6" branch="false"/>
            <line number="304" hits="6" branch="false"/>
            <line number="305" hits="1" branch="true" condition-coverage="100% (1/1)"/>
            <line number="306" hits="7" branch="false"/>
            <line number="307" hits="7" branch="false"/>
            <line number="308" hits="1" branch="false"/>
            <line number="309" hits="1" branch="false"/>
            <line number="310" hits="1" branch="false"/>
            <line number="311" hits="1" branch="true" condition-coverage="100% (1/1)"/>
            <line number="312" hits="40" branch="false"/>
            <line number="313" hits="40" branch="false"/>
            <line number="314" hits="40" branch="false"/>
            <line number="315" hits="40" branch="true" condition-coverage="100% (3/3)"/>
            <line number="316" hits="14" branch="false"/>
            <line number="317" hits="14" branch="false"/>
            <line number="318" hits="26" branch="true" condition-coverage="100% (1/1)"/>
            <line number="319" hits="26" branch="true" condition-coverage="100% (3/3)"/>
            <line number="320" hits="25" branch="false"/>
            <line number="321" hits="25" branch="false"/>
            <line number="322" hits="1" branch="true" condition-coverage="100% (1/1)"/>
            <line number="323" hits="1" branch="false"/>
            <line number="324" hits="1" branch="false"/>
            <line number="325" hits="26" branch="false"/>
            <line number="326" hits="39" branch="true" condition-coverage="100% (1/1)"/>
            <line number="327" hits="39" branch="false"/>
            <line number="328" hits="39" branch="false"/>
            <line number="329" hits="40" branch="false"/>
            <line number="330" hits="1" branch="true" condition-coverage="100% (1/1)"/>
            <line number="331" hits="314" branch="false"/>
            <line number="332" hits="314" branch="false"/>
            <line number="333" hits="314" branch="false"/>
            <line number="334" hits="1" branch="true" condition-coverage="100% (1/1)"/>
            <line number="335" hits="314" branch="false"/>
            <line number="336" hits="314" branch="true" condition-coverage="100% (1/1)"/>
            <line number="337" hits="314" branch="true" condition-coverage="100% (2/2)"/>
            <line number="338" hits="141" branch="false"/>
            <line number="339" hits="141" branch="false"/>
            <line number="340" hits="314" branch="false"/>
            <line number="341" hits="1" branch="true" condition-coverage="100% (1/1)"/>
            <line number="342" hits="314" branch="false"/>
            <line number="343" hits="314" branch="true" condition-coverage="100% (1/1)"/>
            <line number="344" hits="314" branch="true" condition-coverage="100% (1/1)"/>
            <line number="345" hits="314" branch="false"/>
            <line number="346" hits="1" branch="true" condition-coverage="100% (1/1)"/>
            <line number="347" hits="17" branch="false"/>
            <line number="348" hits="17" branch="false"/>
            <line number="349" hits="17" branch="false"/>
            <line number="350" hits="1" branch="true" condition-coverage="100% (1/1)"/>
            <line number="351" hits="7" branch="false"/>
            <line number="352" hits="7" branch="false"/>
            <line number="353" hits="7" branch="true" condition-coverage="100% (1/1)"/>
            <line number="354" hits="1" branch="false"/>
            <line number="355" hits="1" branch="false"/>
            <line number="356" hits="1" branch="false"/>
            <line number="357" hits="7" branch="false"/>
            <line number="358" hits="7" branch="false"/>
            <line number="359" hits="7" branch="true" condition-coverage="100% (1/1)"/>
            <line number="360" hits="1" branch="false"/>
            <line number="361" hits="1" branch="false"/>
            <line number="362" hits="7" branch="true" condition-coverage="100% (1/1)"/>
            <line number="363" hits="2" branch="false"/>
            <line number="364" hits="2" branch="false"/>
            <line number="365" hits="7" branch="true" condition-coverage="100% (1/1)"/>
            <line number="366" hits="1" branch="false"/>
            <line number="367" hits="1" branch="false"/>
            <line number="368" hits="1" branch="false"/>
            <line number="369" hits="7" branch="false"/>
            <line number="370" hits="7" branch="false"/>
            <line number="371" hits="7" branch="false"/>
            <line number="372" hits="1" branch="true" condition-coverage="100% (1/1)"/>
            <line number="373" hits="6" branch="false"/>
            <line number="374" hits="6" branch="false"/>
            <line number="375" hits="6" branch="true" condition-coverage="100% (1/1)"/>
            <line number="376" hits="1" branch="false"/>
            <line number="377" hits="1" branch="false"/>
            <line number="378" hits="3" branch="true" condition-coverage="100% (1/1)"/>
            <line number="379" hits="3" branch="false"/>
            <line number="380" hits="6" branch="true" condition-coverage="100% (1/1)"/>
            <line number="381" hits="1" branch="false"/>
            <line number="382" hits="1" branch="false"/>
            <line number="383" hits="6" branch="true" condition-coverage="100% (1/1)"/>
            <line number="384" hits="1" branch="false"/>
            <line number="385" hits="1" branch="false"/>
            <line number="386" hits="6" branch="true" condition-coverage="100% (1/1)"/>
            <line number="387" hits="1" branch="false"/>
            <line number="388" hits="1" branch="false"/>
            <line number="389" hits="6" branch="false"/>
            <line number="390" hits="6" branch="false"/>
            <line number="391" hits="6" branch="false"/>
            <line number="392" hits="1" branch="true" condition-coverage="100% (1/1)"/>
            <line number="393" hits="73" branch="false"/>
            <line number="394" hits="73" branch="false"/>
            <line number="395" hits="1" branch="true" condition-coverage="100% (1/1)"/>
            <line number="396" hits="8" branch="false"/>
            <line number="397" hits="8" branch="false"/>
            <line number="398" hits="1" branch="true" condition-coverage="100% (1/1)"/>
            <line number="399" hits="159" branch="false"/>
            <line number="400" hits="159" branch="false"/>
            <line number="401" hits="1" branch="true" condition-coverage="100% (1/1)"/>
            <line number="402" hits="867" branch="false"/>
            <line number="403" hits="867" branch="false"/>
            <line number="404" hits="1" branch="true" condition-coverage="100% (1/1)"/>
            <line number="405" hits="39" branch="false"/>
            <line number="406" hits="39" branch="false"/>
            <line number="407" hits="1" branch="true" condition-coverage="100% (1/1)"/>
            <line number="408" hits="39" branch="false"/>
            <line number="409" hits="39" branch="false"/>
            <line number="410" hits="39" branch="true" condition-coverage="100% (2/2)"/>
            <line number="411" hits="39" branch="true" condition-coverage="100% (3/3)"/>
            <line number="412" hits="39" branch="true" condition-coverage="100% (3/3)"/>
            <line number="413" hits="39" branch="true" condition-coverage="100% (3/3)"/>
            <line number="414" hits="39" branch="false"/>
            <line number="415" hits="39" branch="false"/>
            <line number="416" hits="1" branch="true" condition-coverage="100% (1/1)"/>
            <line number="417" hits="39" branch="false"/>
            <line number="418" hits="39" branch="false"/>
            <line number="419" hits="39" branch="false"/>
            <line number="420" hits="39" branch="false"/>
            <line number="421" hits="39" branch="false"/>
            <line number="422" hits="39" branch="false"/>
            <line number="423" hits="39" branch="false"/>
            <line number="424" hits="39" branch="false"/>
            <line number="425" hits="39" branch="false"/>
            <line number="426" hits="1" branch="true" condition-coverage="100% (1/1)"/>
            <line number="427" hits="13" branch="true" condition-coverage="100% (1/1)"/>
            <line number="428" hits="2" branch="false"/>
            <line number="429" hits="2" branch="false"/>
            <line number="430" hits="13" branch="true" condition-coverage="100% (1/1)"/>
            <line number="431" hits="2" branch="false"/>
            <line number="432" hits="2" branch="false"/>
            <line number="433" hits="13" branch="false"/>
            <line number="434" hits="1" branch="false"/>
            <line number="435" hits="1" branch="false"/>
            <line number="436" hits="1" branch="false"/>
            <line number="437" hits="1" branch="true" condition-coverage="100% (1/1)"/>
            <line number="438" hits="241" branch="false"/>
            <line number="439" hits="241" branch="false"/>
            <line number="440" hits="1" branch="true" condition-coverage="100% (1/1)"/>
            <line number="441" hits="19" branch="false"/>
            <line number="442" hits="19" branch="false"/>
            <line number="443" hits="19" branch="false"/>
            <line number="444" hits="1" branch="true" condition-coverage="100% (1/1)"/>
            <line number="445" hits="180" branch="false"/>
            <line number="446" hits="180" branch="false"/>
            <line number="447" hits="180" branch="false"/>
            <line number="448" hits="1" branch="true" condition-coverage="100% (1/1)"/>
            <line number="449" hits="2" branch="false"/>
            <line number="450" hits="2" branch="true" condition-coverage="100% (1/1)"/>
            <line number="451" hits="2" branch="true" condition-coverage="100% (1/1)"/>
            <line number="452" hits="2" branch="false"/>
            <line number="453" hits="1" branch="true" condition-coverage="100% (1/1)"/>
            <line number="454" hits="23" branch="false"/>
            <line number="455" hits="23" branch="false"/>
            <line number="456" hits="1" branch="true" condition-coverage="100% (1/1)"/>
            <line number="457" hits="11" branch="false"/>
            <line number="458" hits="11" branch="false"/>
            <line number="459" hits="1" branch="true" condition-coverage="100% (1/1)"/>
            <line number="460" hits="56" branch="false"/>
            <line number="461" hits="56" branch="false"/>
            <line number="462" hits="1" branch="true" condition-coverage="100% (1/1)"/>
            <line number="463" hits="75" branch="false"/>
            <line number="464" hits="75" branch="false"/>
            <line number="465" hits="1" branch="true" condition-coverage="100% (1/1)"/>
            <line number="466" hits="23" branch="false"/>
            <line number="467" hits="23" branch="false"/>
            <line number="468" hits="1" branch="true" condition-coverage="100% (1/1)"/>
            <line number="469" hits="23" branch="false"/>
            <line number="470" hits="23" branch="false"/>
            <line number="471" hits="1" branch="true" condition-coverage="100% (1/1)"/>
            <line number="472" hits="64" branch="false"/>
            <line number="473" hits="64" branch="false"/>
            <line number="474" hits="1" branch="true" condition-coverage="100% (1/1)"/>
            <line number="475" hits="2" branch="false"/>
            <line number="476" hits="2" branch="false"/>
            <line number="477" hits="1" branch="false"/>
            <line number="478" hits="1" branch="false"/>
          </lines>
        </class>
        <class name="what_is_it.js" filename="lib/src/what_is_it.js" line-rate="0.9305" branch-rate="0.6956">
          <methods>
            <method name="refineDescriptorAndName" hits="184" signature="()V">
              <lines>
                <line number="4" hits="184"/>
              </lines>
            </method>
            <method name="toLower" hits="104" signature="()V">
              <lines>
                <line number="20" hits="104"/>
              </lines>
            </method>
            <method name="toUpper" hits="0" signature="()V">
              <lines>
                <line number="21" hits="0"/>
              </lines>
            </method>
            <method name="whichNumber" hits="28" signature="()V">
              <lines>
                <line number="22" hits="28"/>
              </lines>
            </method>
            <method name="whichFunction" hits="40" signature="()V">
              <lines>
                <line number="36" hits="40"/>
              </lines>
            </method>
            <method name="whatIsIt" hits="156" signature="()V">
              <lines>
                <line number="48" hits="156"/>
              </lines>
            </method>
          </methods>
          <lines>
            <line number="1" hits="1" branch="true" condition-coverage="100% (1/1)"/>
            <line number="2" hits="1" branch="false"/>
            <line number="3" hits="1" branch="false"/>
            <line number="4" hits="184" branch="true" condition-coverage="100% (1/1)"/>
            <line number="5" hits="184" branch="true" condition-coverage="0% (0/1)"/>
            <line number="6" hits="0" branch="false"/>
            <line number="7" hits="0" branch="false"/>
            <line number="8" hits="184" branch="true" condition-coverage="100% (2/2)"/>
            <line number="9" hits="184" branch="false"/>
            <line number="10" hits="184" branch="false"/>
            <line number="11" hits="184" branch="true" condition-coverage="100% (1/1)"/>
            <line number="12" hits="1136" branch="false"/>
            <line number="13" hits="1136" branch="false"/>
            <line number="14" hits="184" branch="false"/>
            <line number="15" hits="184" branch="true" condition-coverage="100% (1/1)"/>
            <line number="16" hits="1372" branch="false"/>
            <line number="17" hits="1372" branch="false"/>
            <line number="18" hits="184" branch="true" condition-coverage="0% (0/1)"/>
            <line number="19" hits="184" branch="false"/>
            <line number="20" hits="1" branch="true" condition-coverage="25% (1/4)"/>
            <line number="21" hits="1" branch="false"/>
            <line number="22" hits="1" branch="true" condition-coverage="100% (1/1)"/>
            <line number="23" hits="28" branch="true" condition-coverage="0% (0/1)"/>
            <line number="24" hits="28" branch="true" condition-coverage="100% (1/1)"/>
            <line number="25" hits="4" branch="true" condition-coverage="66.66666666666666% (2/3)"/>
            <line number="26" hits="4" branch="false"/>
            <line number="27" hits="28" branch="false"/>
            <line number="28" hits="28" branch="false"/>
            <line number="29" hits="28" branch="true" condition-coverage="100% (1/1)"/>
            <line number="30" hits="28" branch="true" condition-coverage="100% (1/1)"/>
            <line number="31" hits="28" branch="true" condition-coverage="100% (1/1)"/>
            <line number="32" hits="8" branch="true" condition-coverage="66.66666666666666% (2/3)"/>
            <line number="33" hits="8" branch="false"/>
            <line number="34" hits="28" branch="false"/>
            <line number="35" hits="1" branch="false"/>
            <line number="36" hits="1" branch="true" condition-coverage="100% (1/1)"/>
            <line number="37" hits="40" branch="false"/>
            <line number="38" hits="40" branch="true" condition-coverage="100% (1/1)"/>
            <line number="39" hits="16" branch="false"/>
            <line number="40" hits="16" branch="false"/>
            <line number="41" hits="24" branch="true" condition-coverage="100% (1/1)"/>
            <line number="42" hits="24" branch="true" condition-coverage="100% (2/2)"/>
            <line number="43" hits="24" branch="false"/>
            <line number="44" hits="0" branch="true" condition-coverage="0% (0/1)"/>
            <line number="45" hits="0" branch="false"/>
            <line number="46" hits="0" branch="false"/>
            <line number="47" hits="1" branch="false"/>
            <line number="48" hits="156" branch="true" condition-coverage="100% (1/1)"/>
            <line number="49" hits="156" branch="false"/>
            <line number="50" hits="156" branch="true" condition-coverage="100% (1/1)"/>
            <line number="51" hits="8" branch="false"/>
            <line number="52" hits="8" branch="false"/>
            <line number="53" hits="156" branch="true" condition-coverage="100% (2/2)"/>
            <line number="54" hits="4" branch="false"/>
            <line number="55" hits="4" branch="false"/>
            <line number="56" hits="156" branch="false"/>
            <line number="57" hits="156" branch="true" condition-coverage="60% (3/5)"/>
            <line number="58" hits="156" branch="false"/>
            <line number="59" hits="156" branch="false"/>
            <line number="60" hits="156" branch="true" condition-coverage="100% (1/1)"/>
            <line number="61" hits="28" branch="false"/>
            <line number="62" hits="156" branch="true" condition-coverage="100% (1/1)"/>
            <line number="63" hits="40" branch="false"/>
            <line number="64" hits="156" branch="true" condition-coverage="100% (1/1)"/>
            <line number="65" hits="20" branch="true" condition-coverage="0% (0/1)"/>
            <line number="66" hits="156" branch="true" condition-coverage="100% (1/1)"/>
            <line number="67" hits="56" branch="false"/>
            <line number="68" hits="56" branch="true" condition-coverage="0% (0/1)"/>
            <line number="69" hits="56" branch="true" condition-coverage="0% (0/1)"/>
            <line number="70" hits="156" branch="false"/>
            <line number="71" hits="156" branch="false"/>
            <line number="72" hits="1" branch="false"/>
          </lines>
        </class>
      </classes>
    </package>
  </packages>
</coverage>
