<?xml version="1.0" ?>
<!DOCTYPE coverage SYSTEM "http://cobertura.sourceforge.net/xml/coverage-04.dtd">
<coverage lines-valid="734" lines-covered="654" line-rate="0.8909999999999999" branches-valid="257" branches-covered="232" branch-rate="0.9027" timestamp="1686309657087" complexity="0" version="0.1">
  <sources>
    <source>/media/a/f8422fd2-b1bb-457f-a700-9f56bdc2ca14/Dropbox/code/lenka</source>
  </sources>
  <packages>
    <package name="main" line-rate="0.8909999999999999" branch-rate="0.9027">
      <classes>
        <class name="engine.js" filename="lib/src/engine.js" line-rate="1" branch-rate="1">
          <methods>
            <method name="customCopy" hits="228" signature="()V">
              <lines>
                <line number="5" hits="228"/>
              </lines>
            </method>
            <method name="createAndRegister" hits="99" signature="()V">
              <lines>
                <line number="13" hits="99"/>
              </lines>
            </method>
            <method name="copyProperty" hits="193" signature="()V">
              <lines>
                <line number="18" hits="193"/>
              </lines>
            </method>
            <method name="copyProperties" hits="100" signature="()V">
              <lines>
                <line number="32" hits="100"/>
              </lines>
            </method>
            <method name="cloneSet" hits="1" signature="()V">
              <lines>
                <line number="48" hits="1"/>
              </lines>
            </method>
            <method name="cloneMap" hits="1" signature="()V">
              <lines>
                <line number="59" hits="1"/>
              </lines>
            </method>
            <method name="cloneArrayBuffer" hits="2" signature="()V">
              <lines>
                <line number="70" hits="2"/>
              </lines>
            </method>
            <method name="root" hits="228" signature="()V">
              <lines>
                <line number="84" hits="228"/>
              </lines>
            </method>
            <method name="clone" hits="25" signature="()V">
              <lines>
                <line number="119" hits="25"/>
              </lines>
            </method>
          </methods>
          <lines>
            <line number="1" hits="1" branch="true" condition-coverage="100% (1/1)"/>
            <line number="2" hits="1" branch="false"/>
            <line number="3" hits="1" branch="false"/>
            <line number="4" hits="1" branch="false"/>
            <line number="5" hits="228" branch="true" condition-coverage="100% (1/1)"/>
            <line number="6" hits="228" branch="false"/>
            <line number="7" hits="228" branch="true" condition-coverage="100% (1/1)"/>
            <line number="8" hits="131" branch="false"/>
            <line number="9" hits="131" branch="false"/>
            <line number="10" hits="228" branch="false"/>
            <line number="11" hits="228" branch="false"/>
            <line number="12" hits="228" branch="false"/>
            <line number="13" hits="99" branch="true" condition-coverage="100% (1/1)"/>
            <line number="14" hits="99" branch="false"/>
            <line number="15" hits="99" branch="false"/>
            <line number="16" hits="99" branch="false"/>
            <line number="17" hits="99" branch="false"/>
            <line number="18" hits="193" branch="true" condition-coverage="100% (1/1)"/>
            <line number="19" hits="193" branch="false"/>
            <line number="20" hits="193" branch="true" condition-coverage="100% (1/1)"/>
            <line number="21" hits="11" branch="false"/>
            <line number="22" hits="11" branch="false"/>
            <line number="23" hits="11" branch="true" condition-coverage="100% (2/2)"/>
            <line number="24" hits="8" branch="false"/>
            <line number="25" hits="8" branch="false"/>
            <line number="26" hits="11" branch="false"/>
            <line number="27" hits="11" branch="false"/>
            <line number="28" hits="193" branch="false"/>
            <line number="29" hits="193" branch="false"/>
            <line number="30" hits="193" branch="false"/>
            <line number="31" hits="193" branch="false"/>
            <line number="32" hits="100" branch="true" condition-coverage="100% (1/1)"/>
            <line number="33" hits="100" branch="false"/>
            <line number="34" hits="100" branch="false"/>
            <line number="35" hits="100" branch="true" condition-coverage="100% (1/1)"/>
            <line number="36" hits="229" branch="false"/>
            <line number="37" hits="229" branch="true" condition-coverage="100% (3/3)"/>
            <line number="38" hits="35" branch="false"/>
            <line number="39" hits="35" branch="false"/>
            <line number="40" hits="229" branch="false"/>
            <line number="41" hits="229" branch="false"/>
            <line number="42" hits="229" branch="false"/>
            <line number="43" hits="229" branch="true" condition-coverage="100% (1/1)"/>
            <line number="44" hits="193" branch="false"/>
            <line number="45" hits="193" branch="false"/>
            <line number="46" hits="229" branch="false"/>
            <line number="47" hits="100" branch="false"/>
            <line number="48" hits="1" branch="true" condition-coverage="100% (1/1)"/>
            <line number="49" hits="1" branch="false"/>
            <line number="50" hits="1" branch="true" condition-coverage="100% (1/1)"/>
            <line number="51" hits="4" branch="false"/>
            <line number="52" hits="4" branch="false"/>
            <line number="53" hits="4" branch="false"/>
            <line number="54" hits="4" branch="false"/>
            <line number="55" hits="4" branch="false"/>
            <line number="56" hits="4" branch="false"/>
            <line number="57" hits="4" branch="false"/>
            <line number="58" hits="1" branch="false"/>
            <line number="59" hits="1" branch="true" condition-coverage="100% (1/1)"/>
            <line number="60" hits="1" branch="false"/>
            <line number="61" hits="1" branch="true" condition-coverage="100% (1/1)"/>
            <line number="62" hits="5" branch="false"/>
            <line number="63" hits="5" branch="false"/>
            <line number="64" hits="5" branch="false"/>
            <line number="65" hits="5" branch="false"/>
            <line number="66" hits="5" branch="false"/>
            <line number="67" hits="5" branch="false"/>
            <line number="68" hits="5" branch="false"/>
            <line number="69" hits="1" branch="false"/>
            <line number="70" hits="2" branch="true" condition-coverage="100% (1/1)"/>
            <line number="71" hits="2" branch="true" condition-coverage="100% (1/1)"/>
            <line number="72" hits="1" branch="false"/>
            <line number="73" hits="1" branch="false"/>
            <line number="74" hits="1" branch="false"/>
            <line number="75" hits="1" branch="false"/>
            <line number="76" hits="1" branch="false"/>
            <line number="77" hits="1" branch="false"/>
            <line number="78" hits="1" branch="false"/>
            <line number="79" hits="1" branch="true" condition-coverage="100% (1/1)"/>
            <line number="80" hits="4" branch="false"/>
            <line number="81" hits="4" branch="false"/>
            <line number="82" hits="1" branch="false"/>
            <line number="83" hits="2" branch="false"/>
            <line number="84" hits="228" branch="true" condition-coverage="100% (1/1)"/>
            <line number="85" hits="228" branch="false"/>
            <line number="86" hits="228" branch="true" condition-coverage="100% (1/1)"/>
            <line number="87" hits="128" branch="false"/>
            <line number="88" hits="128" branch="false"/>
            <line number="89" hits="100" branch="true" condition-coverage="100% (1/1)"/>
            <line number="90" hits="100" branch="false"/>
            <line number="91" hits="228" branch="true" condition-coverage="100% (1/1)"/>
            <line number="92" hits="61" branch="false"/>
            <line number="93" hits="61" branch="false"/>
            <line number="94" hits="228" branch="true" condition-coverage="100% (1/1)"/>
            <line number="95" hits="32" branch="false"/>
            <line number="96" hits="32" branch="false"/>
            <line number="97" hits="32" branch="false"/>
            <line number="98" hits="228" branch="true" condition-coverage="100% (1/1)"/>
            <line number="99" hits="1" branch="false"/>
            <line number="100" hits="1" branch="false"/>
            <line number="101" hits="228" branch="true" condition-coverage="100% (1/1)"/>
            <line number="102" hits="1" branch="false"/>
            <line number="103" hits="1" branch="false"/>
            <line number="104" hits="228" branch="true" condition-coverage="100% (1/1)"/>
            <line number="105" hits="2" branch="false"/>
            <line number="106" hits="2" branch="false"/>
            <line number="107" hits="228" branch="true" condition-coverage="100% (1/1)"/>
            <line number="108" hits="1" branch="false"/>
            <line number="109" hits="1" branch="false"/>
            <line number="110" hits="228" branch="true" condition-coverage="100% (1/1)"/>
            <line number="111" hits="1" branch="false"/>
            <line number="112" hits="1" branch="false"/>
            <line number="113" hits="228" branch="true" condition-coverage="100% (1/1)"/>
            <line number="114" hits="1" branch="false"/>
            <line number="115" hits="1" branch="false"/>
            <line number="116" hits="228" branch="false"/>
            <line number="117" hits="100" branch="true" condition-coverage="100% (1/1)"/>
            <line number="118" hits="228" branch="false"/>
            <line number="119" hits="25" branch="true" condition-coverage="100% (1/1)"/>
            <line number="120" hits="25" branch="false"/>
            <line number="121" hits="25" branch="false"/>
            <line number="122" hits="25" branch="false"/>
            <line number="123" hits="25" branch="false"/>
            <line number="124" hits="25" branch="true" condition-coverage="100% (2/2)"/>
            <line number="125" hits="25" branch="true" condition-coverage="100% (1/1)"/>
            <line number="126" hits="25" branch="true" condition-coverage="100% (1/1)"/>
            <line number="127" hits="25" branch="false"/>
            <line number="128" hits="1" branch="false"/>
          </lines>
        </class>
        <class name="is_it_the_same_as.js" filename="lib/src/is_it_the_same_as.js" line-rate="1" branch-rate="0.9538">
          <methods>
            <method name="objectPropertiesCheck" hits="116" signature="()V">
              <lines>
                <line number="7" hits="116"/>
              </lines>
            </method>
            <method name="isDescriptorsDifferent" hits="26" signature="()V">
              <lines>
                <line number="14" hits="26"/>
              </lines>
            </method>
            <method name="isSameSet" hits="12" signature="()V">
              <lines>
                <line number="22" hits="12"/>
              </lines>
            </method>
            <method name="isSameMap" hits="20" signature="()V">
              <lines>
                <line number="28" hits="20"/>
              </lines>
            </method>
            <method name="isSameArray" hits="83" signature="()V">
              <lines>
                <line number="41" hits="83"/>
              </lines>
            </method>
            <method name="isSameObject" hits="94" signature="()V">
              <lines>
                <line number="59" hits="94"/>
              </lines>
            </method>
            <method name="sameInternal" hits="477" signature="()V">
              <lines>
                <line number="83" hits="477"/>
              </lines>
            </method>
            <method name="isItTheSameAs" hits="149" signature="()V">
              <lines>
                <line number="102" hits="149"/>
              </lines>
            </method>
          </methods>
          <lines>
            <line number="1" hits="1" branch="true" condition-coverage="100% (1/1)"/>
            <line number="2" hits="1" branch="false"/>
            <line number="3" hits="1" branch="false"/>
            <line number="4" hits="1" branch="false"/>
            <line number="5" hits="1" branch="false"/>
            <line number="6" hits="1" branch="false"/>
            <line number="7" hits="116" branch="true" condition-coverage="100% (1/1)"/>
            <line number="8" hits="116" branch="false"/>
            <line number="9" hits="116" branch="true" condition-coverage="100% (1/1)"/>
            <line number="10" hits="18" branch="true" condition-coverage="100% (1/1)"/>
            <line number="11" hits="18" branch="true" condition-coverage="100% (1/1)"/>
            <line number="12" hits="116" branch="true" condition-coverage="100% (1/1)"/>
            <line number="13" hits="116" branch="false"/>
            <line number="14" hits="26" branch="true" condition-coverage="100% (1/1)"/>
            <line number="15" hits="26" branch="false"/>
            <line number="16" hits="26" branch="false"/>
            <line number="17" hits="26" branch="true" condition-coverage="100% (1/1)"/>
            <line number="18" hits="26" branch="true" condition-coverage="100% (1/1)"/>
            <line number="19" hits="26" branch="true" condition-coverage="50% (1/2)"/>
            <line number="20" hits="26" branch="true" condition-coverage="50% (1/2)"/>
            <line number="21" hits="26" branch="false"/>
            <line number="22" hits="12" branch="true" condition-coverage="100% (1/1)"/>
            <line number="23" hits="12" branch="true" condition-coverage="100% (2/2)"/>
            <line number="24" hits="2" branch="false"/>
            <line number="25" hits="2" branch="false"/>
            <line number="26" hits="10" branch="true" condition-coverage="100% (1/1)"/>
            <line number="27" hits="12" branch="false"/>
            <line number="28" hits="20" branch="true" condition-coverage="100% (1/1)"/>
            <line number="29" hits="20" branch="false"/>
            <line number="30" hits="20" branch="true" condition-coverage="100% (2/2)"/>
            <line number="31" hits="20" branch="true" condition-coverage="100% (2/2)"/>
            <line number="32" hits="6" branch="false"/>
            <line number="33" hits="6" branch="false"/>
            <line number="34" hits="20" branch="true" condition-coverage="100% (1/1)"/>
            <line number="35" hits="24" branch="true" condition-coverage="100% (1/1)"/>
            <line number="36" hits="8" branch="false"/>
            <line number="37" hits="8" branch="false"/>
            <line number="38" hits="24" branch="false"/>
            <line number="39" hits="20" branch="false"/>
            <line number="40" hits="20" branch="false"/>
            <line number="41" hits="83" branch="true" condition-coverage="100% (1/1)"/>
            <line number="42" hits="83" branch="true" condition-coverage="100% (2/2)"/>
            <line number="43" hits="4" branch="false"/>
            <line number="44" hits="4" branch="false"/>
            <line number="45" hits="79" branch="true" condition-coverage="100% (1/1)"/>
            <line number="46" hits="83" branch="true" condition-coverage="100% (2/2)"/>
            <line number="47" hits="2" branch="false"/>
            <line number="48" hits="2" branch="false"/>
            <line number="49" hits="83" branch="true" condition-coverage="100% (1/1)"/>
            <line number="50" hits="4" branch="false"/>
            <line number="51" hits="4" branch="false"/>
            <line number="52" hits="83" branch="true" condition-coverage="100% (2/2)"/>
            <line number="53" hits="160" branch="true" condition-coverage="100% (1/1)"/>
            <line number="54" hits="12" branch="false"/>
            <line number="55" hits="12" branch="false"/>
            <line number="56" hits="160" branch="false"/>
            <line number="57" hits="61" branch="true" condition-coverage="100% (1/1)"/>
            <line number="58" hits="83" branch="false"/>
            <line number="59" hits="94" branch="true" condition-coverage="100% (1/1)"/>
            <line number="60" hits="94" branch="true" condition-coverage="100% (2/2)"/>
            <line number="61" hits="4" branch="false"/>
            <line number="62" hits="4" branch="false"/>
            <line number="63" hits="90" branch="true" condition-coverage="100% (1/1)"/>
            <line number="64" hits="94" branch="true" condition-coverage="100% (2/2)"/>
            <line number="65" hits="4" branch="false"/>
            <line number="66" hits="4" branch="false"/>
            <line number="67" hits="86" branch="true" condition-coverage="100% (1/1)"/>
            <line number="68" hits="86" branch="false"/>
            <line number="69" hits="94" branch="true" condition-coverage="100% (1/1)"/>
            <line number="70" hits="8" branch="false"/>
            <line number="71" hits="8" branch="false"/>
            <line number="72" hits="94" branch="true" condition-coverage="100% (2/2)"/>
            <line number="73" hits="140" branch="true" condition-coverage="100% (2/2)"/>
            <line number="74" hits="5" branch="false"/>
            <line number="75" hits="5" branch="false"/>
            <line number="76" hits="140" branch="true" condition-coverage="100% (1/1)"/>
            <line number="77" hits="18" branch="false"/>
            <line number="78" hits="18" branch="false"/>
            <line number="79" hits="140" branch="false"/>
            <line number="80" hits="94" branch="false"/>
            <line number="81" hits="94" branch="false"/>
            <line number="82" hits="1" branch="false"/>
            <line number="83" hits="477" branch="true" condition-coverage="100% (1/1)"/>
            <line number="84" hits="477" branch="true" condition-coverage="100% (1/1)"/>
            <line number="85" hits="12" branch="false"/>
            <line number="86" hits="12" branch="false"/>
            <line number="87" hits="477" branch="true" condition-coverage="100% (1/1)"/>
            <line number="88" hits="20" branch="false"/>
            <line number="89" hits="20" branch="false"/>
            <line number="90" hits="477" branch="true" condition-coverage="100% (2/2)"/>
            <line number="91" hits="83" branch="false"/>
            <line number="92" hits="83" branch="false"/>
            <line number="93" hits="477" branch="true" condition-coverage="100% (3/3)"/>
            <line number="94" hits="94" branch="false"/>
            <line number="95" hits="94" branch="false"/>
            <line number="96" hits="477" branch="true" condition-coverage="100% (2/2)"/>
            <line number="97" hits="24" branch="false"/>
            <line number="98" hits="24" branch="false"/>
            <line number="99" hits="24" branch="false"/>
            <line number="100" hits="477" branch="true" condition-coverage="100% (3/3)"/>
            <line number="101" hits="477" branch="false"/>
            <line number="102" hits="149" branch="true" condition-coverage="100% (1/1)"/>
            <line number="103" hits="149" branch="true" condition-coverage="50% (1/2)"/>
            <line number="104" hits="1" branch="true" condition-coverage="100% (1/1)"/>
            <line number="105" hits="1" branch="false"/>
            <line number="106" hits="149" branch="false"/>
            <line number="107" hits="149" branch="false"/>
            <line number="108" hits="149" branch="false"/>
            <line number="109" hits="1" branch="false"/>
          </lines>
        </class>
        <class name="service.js" filename="lib/src/service.js" line-rate="0.8234999999999999" branch-rate="0.9259000000000001">
          <methods>
            <method name="Source" hits="228" signature="()V">
              <lines>
                <line number="41" hits="228"/>
              </lines>
            </method>
            <method name="createChild" hits="203" signature="()V">
              <lines>
                <line number="45" hits="203"/>
              </lines>
            </method>
            <method name="addToSourcesToLabels" hits="228" signature="()V">
              <lines>
                <line number="79" hits="228"/>
              </lines>
            </method>
            <method name="changeResult" hits="0" signature="()V">
              <lines>
                <line number="82" hits="0"/>
              </lines>
            </method>
            <method name="setFlags" hits="228" signature="()V">
              <lines>
                <line number="101" hits="228"/>
              </lines>
            </method>
            <method name="setValueAndType" hits="228" signature="()V">
              <lines>
                <line number="113" hits="228"/>
              </lines>
            </method>
            <method name="get value" hits="596" signature="()V">
              <lines>
                <line number="147" hits="596"/>
              </lines>
            </method>
            <method name="get type" hits="100" signature="()V">
              <lines>
                <line number="151" hits="100"/>
              </lines>
            </method>
            <method name="get parentSource" hits="3" signature="()V">
              <lines>
                <line number="154" hits="3"/>
              </lines>
            </method>
            <method name="set parentSource" hits="25" signature="()V">
              <lines>
                <line number="157" hits="25"/>
              </lines>
            </method>
            <method name="get root" hits="23" signature="()V">
              <lines>
                <line number="160" hits="23"/>
              </lines>
            </method>
            <method name="set root" hits="25" signature="()V">
              <lines>
                <line number="163" hits="25"/>
              </lines>
            </method>
            <method name="get target" hits="679" signature="()V">
              <lines>
                <line number="166" hits="679"/>
              </lines>
            </method>
            <method name="set target" hits="234" signature="()V">
              <lines>
                <line number="170" hits="234"/>
              </lines>
            </method>
            <method name="get index" hits="0" signature="()V">
              <lines>
                <line number="173" hits="0"/>
              </lines>
            </method>
            <method name="set index" hits="25" signature="()V">
              <lines>
                <line number="176" hits="25"/>
              </lines>
            </method>
            <method name="get level" hits="38" signature="()V">
              <lines>
                <line number="179" hits="38"/>
              </lines>
            </method>
            <method name="set level" hits="25" signature="()V">
              <lines>
                <line number="182" hits="25"/>
              </lines>
            </method>
            <method name="get label" hits="153" signature="()V">
              <lines>
                <line number="185" hits="153"/>
              </lines>
            </method>
            <method name="set label" hits="228" signature="()V">
              <lines>
                <line number="188" hits="228"/>
              </lines>
            </method>
            <method name="get producedBy" hits="244" signature="()V">
              <lines>
                <line number="191" hits="244"/>
              </lines>
            </method>
            <method name="get producedAs" hits="3" signature="()V">
              <lines>
                <line number="195" hits="3"/>
              </lines>
            </method>
            <method name="get isItADouble" hits="23" signature="()V">
              <lines>
                <line number="198" hits="23"/>
              </lines>
            </method>
            <method name="set isItADouble" hits="25" signature="()V">
              <lines>
                <line number="201" hits="25"/>
              </lines>
            </method>
            <method name="get isItAPrimitive" hits="242" signature="()V">
              <lines>
                <line number="204" hits="242"/>
              </lines>
            </method>
            <method name="get isItCustomized" hits="0" signature="()V">
              <lines>
                <line number="207" hits="0"/>
              </lines>
            </method>
            <method name="get isItMissed" hits="299" signature="()V">
              <lines>
                <line number="210" hits="299"/>
              </lines>
            </method>
            <method name="get isItProcessed" hits="228" signature="()V">
              <lines>
                <line number="213" hits="228"/>
              </lines>
            </method>
            <method name="set isItProcessed" hits="0" signature="()V">
              <lines>
                <line number="216" hits="0"/>
              </lines>
            </method>
            <method name="get summary" hits="675" signature="()V">
              <lines>
                <line number="219" hits="675"/>
              </lines>
            </method>
            <method name="set summary" hits="0" signature="()V">
              <lines>
                <line number="222" hits="0"/>
              </lines>
            </method>
            <method name="get rawOptions" hits="0" signature="()V">
              <lines>
                <line number="225" hits="0"/>
              </lines>
            </method>
            <method name="get finalOptions" hits="0" signature="()V">
              <lines>
                <line number="228" hits="0"/>
              </lines>
            </method>
            <method name="Results" hits="4" signature="()V">
              <lines>
                <line number="235" hits="4"/>
              </lines>
            </method>
            <method name="get accumulator" hits="2" signature="()V">
              <lines>
                <line number="240" hits="2"/>
              </lines>
            </method>
            <method name="get options" hits="0" signature="()V">
              <lines>
                <line number="243" hits="0"/>
              </lines>
            </method>
            <method name="get result" hits="3" signature="()V">
              <lines>
                <line number="246" hits="3"/>
              </lines>
            </method>
            <method name="_deleteByLabel" hits="0" signature="()V">
              <lines>
                <line number="249" hits="0"/>
              </lines>
            </method>
            <method name="_setByLabel" hits="3" signature="()V">
              <lines>
                <line number="252" hits="3"/>
              </lines>
            </method>
            <method name="Summary" hits="25" signature="()V">
              <lines>
                <line number="258" hits="25"/>
              </lines>
            </method>
            <method name="addToAllSources" hits="228" signature="()V">
              <lines>
                <line number="277" hits="228"/>
              </lines>
            </method>
            <method name="addToSourcesToLabels" hits="228" signature="()V">
              <lines>
                <line number="281" hits="228"/>
              </lines>
            </method>
            <method name="getTargetBySource" hits="203" signature="()V">
              <lines>
                <line number="288" hits="203"/>
              </lines>
            </method>
            <method name="setAndGetResult" hits="4" signature="()V">
              <lines>
                <line number="293" hits="4"/>
              </lines>
            </method>
            <method name="setByLabel" hits="3" signature="()V">
              <lines>
                <line number="297" hits="3"/>
              </lines>
            </method>
            <method name="deleteByLabel" hits="0" signature="()V">
              <lines>
                <line number="317" hits="0"/>
              </lines>
            </method>
            <method name="get accumulator" hits="28" signature="()V">
              <lines>
                <line number="336" hits="28"/>
              </lines>
            </method>
            <method name="get result" hits="3" signature="()V">
              <lines>
                <line number="339" hits="3"/>
              </lines>
            </method>
            <method name="get rawOptions" hits="100" signature="()V">
              <lines>
                <line number="342" hits="100"/>
              </lines>
            </method>
            <method name="get finalOptions" hits="649" signature="()V">
              <lines>
                <line number="345" hits="649"/>
              </lines>
            </method>
            <method name="get roots" hits="25" signature="()V">
              <lines>
                <line number="348" hits="25"/>
              </lines>
            </method>
            <method name="buildFinalOptions" hits="25" signature="()V">
              <lines>
                <line number="351" hits="25"/>
              </lines>
            </method>
            <method name="initRoots" hits="25" signature="()V">
              <lines>
                <line number="360" hits="25"/>
              </lines>
            </method>
            <method name="checkLabel" hits="3" signature="()V">
              <lines>
                <line number="373" hits="3"/>
              </lines>
            </method>
            <method name="CustomizerParams" hits="154" signature="()V">
              <lines>
                <line number="384" hits="154"/>
              </lines>
            </method>
            <method name="get value" hits="12" signature="()V">
              <lines>
                <line number="387" hits="12"/>
              </lines>
            </method>
            <method name="get key" hits="48" signature="()V">
              <lines>
                <line number="391" hits="48"/>
              </lines>
            </method>
            <method name="get parent" hits="0" signature="()V">
              <lines>
                <line number="395" hits="0"/>
              </lines>
            </method>
            <method name="get root" hits="23" signature="()V">
              <lines>
                <line number="400" hits="23"/>
              </lines>
            </method>
            <method name="get index" hits="0" signature="()V">
              <lines>
                <line number="403" hits="0"/>
              </lines>
            </method>
            <method name="get level" hits="38" signature="()V">
              <lines>
                <line number="406" hits="38"/>
              </lines>
            </method>
            <method name="get label" hits="49" signature="()V">
              <lines>
                <line number="409" hits="49"/>
              </lines>
            </method>
            <method name="get isItAdouble" hits="23" signature="()V">
              <lines>
                <line number="412" hits="23"/>
              </lines>
            </method>
            <method name="get isItAPrimitive" hits="23" signature="()V">
              <lines>
                <line number="415" hits="23"/>
              </lines>
            </method>
            <method name="get accumulator" hits="26" signature="()V">
              <lines>
                <line number="418" hits="26"/>
              </lines>
            </method>
            <method name="get options" hits="0" signature="()V">
              <lines>
                <line number="421" hits="0"/>
              </lines>
            </method>
          </methods>
          <lines>
            <line number="1" hits="1" branch="true" condition-coverage="100% (1/1)"/>
            <line number="2" hits="1" branch="false"/>
            <line number="3" hits="1" branch="false"/>
            <line number="4" hits="1" branch="false"/>
            <line number="5" hits="1" branch="false"/>
            <line number="6" hits="1" branch="false"/>
            <line number="7" hits="1" branch="false"/>
            <line number="8" hits="1" branch="false"/>
            <line number="9" hits="1" branch="false"/>
            <line number="10" hits="1" branch="false"/>
            <line number="11" hits="1" branch="false"/>
            <line number="12" hits="1" branch="false"/>
            <line number="13" hits="1" branch="false"/>
            <line number="14" hits="1" branch="false"/>
            <line number="15" hits="1" branch="false"/>
            <line number="16" hits="1" branch="false"/>
            <line number="17" hits="1" branch="false"/>
            <line number="18" hits="1" branch="false"/>
            <line number="19" hits="1" branch="false"/>
            <line number="20" hits="1" branch="false"/>
            <line number="21" hits="1" branch="false"/>
            <line number="22" hits="1" branch="false"/>
            <line number="23" hits="1" branch="false"/>
            <line number="24" hits="1" branch="false"/>
            <line number="25" hits="1" branch="false"/>
            <line number="26" hits="1" branch="false"/>
            <line number="27" hits="1" branch="false"/>
            <line number="28" hits="1" branch="false"/>
            <line number="29" hits="1" branch="false"/>
            <line number="30" hits="1" branch="false"/>
            <line number="31" hits="1" branch="false"/>
            <line number="32" hits="1" branch="false"/>
            <line number="33" hits="1" branch="false"/>
            <line number="34" hits="1" branch="false"/>
            <line number="35" hits="1" branch="false"/>
            <line number="36" hits="1" branch="false"/>
            <line number="37" hits="1" branch="false"/>
            <line number="38" hits="1" branch="false"/>
            <line number="39" hits="1" branch="false"/>
            <line number="40" hits="1" branch="false"/>
            <line number="41" hits="1" branch="true" condition-coverage="100% (1/1)"/>
            <line number="42" hits="228" branch="false"/>
            <line number="43" hits="228" branch="false"/>
            <line number="44" hits="228" branch="false"/>
            <line number="45" hits="1" branch="true" condition-coverage="100% (1/1)"/>
            <line number="46" hits="203" branch="false"/>
            <line number="47" hits="203" branch="true" condition-coverage="0% (0/1)"/>
            <line number="48" hits="0" branch="false"/>
            <line number="49" hits="0" branch="false"/>
            <line number="50" hits="203" branch="false"/>
            <line number="51" hits="203" branch="false"/>
            <line number="52" hits="203" branch="true" condition-coverage="100% (1/1)"/>
            <line number="53" hits="5" branch="false"/>
            <line number="54" hits="5" branch="false"/>
            <line number="55" hits="203" branch="true" condition-coverage="100% (1/1)"/>
            <line number="56" hits="194" branch="false"/>
            <line number="57" hits="194" branch="false"/>
            <line number="58" hits="203" branch="true" condition-coverage="100% (1/1)"/>
            <line number="59" hits="4" branch="false"/>
            <line number="60" hits="4" branch="false"/>
            <line number="61" hits="203" branch="true" condition-coverage="0% (0/1)"/>
            <line number="62" hits="0" branch="false"/>
            <line number="63" hits="203" branch="false"/>
            <line number="64" hits="203" branch="false"/>
            <line number="65" hits="203" branch="false"/>
            <line number="66" hits="203" branch="false"/>
            <line number="67" hits="203" branch="false"/>
            <line number="68" hits="203" branch="false"/>
            <line number="69" hits="203" branch="false"/>
            <line number="70" hits="203" branch="false"/>
            <line number="71" hits="203" branch="false"/>
            <line number="72" hits="203" branch="false"/>
            <line number="73" hits="203" branch="false"/>
            <line number="74" hits="203" branch="false"/>
            <line number="75" hits="203" branch="false"/>
            <line number="76" hits="203" branch="false"/>
            <line number="77" hits="203" branch="false"/>
            <line number="78" hits="203" branch="false"/>
            <line number="79" hits="1" branch="true" condition-coverage="100% (1/1)"/>
            <line number="80" hits="228" branch="false"/>
            <line number="81" hits="228" branch="false"/>
            <line number="82" hits="1" branch="false"/>
            <line number="83" hits="0" branch="false"/>
            <line number="84" hits="0" branch="false"/>
            <line number="85" hits="0" branch="false"/>
            <line number="86" hits="0" branch="false"/>
            <line number="87" hits="0" branch="false"/>
            <line number="88" hits="0" branch="false"/>
            <line number="89" hits="0" branch="false"/>
            <line number="90" hits="0" branch="false"/>
            <line number="91" hits="0" branch="false"/>
            <line number="92" hits="0" branch="false"/>
            <line number="93" hits="0" branch="false"/>
            <line number="94" hits="0" branch="false"/>
            <line number="95" hits="0" branch="false"/>
            <line number="96" hits="0" branch="false"/>
            <line number="97" hits="0" branch="false"/>
            <line number="98" hits="0" branch="false"/>
            <line number="99" hits="0" branch="false"/>
            <line number="100" hits="0" branch="false"/>
            <line number="101" hits="1" branch="true" condition-coverage="100% (1/1)"/>
            <line number="102" hits="228" branch="false"/>
            <line number="103" hits="228" branch="false"/>
            <line number="104" hits="228" branch="true" condition-coverage="100% (1/1)"/>
            <line number="105" hits="228" branch="false"/>
            <line number="106" hits="228" branch="true" condition-coverage="100% (1/1)"/>
            <line number="107" hits="228" branch="true" condition-coverage="100% (1/1)"/>
            <line number="108" hits="228" branch="true" condition-coverage="100% (1/1)"/>
            <line number="109" hits="228" branch="true" condition-coverage="100% (3/3)"/>
            <line number="110" hits="120" branch="false"/>
            <line number="111" hits="120" branch="false"/>
            <line number="112" hits="228" branch="false"/>
            <line number="113" hits="1" branch="true" condition-coverage="100% (1/1)"/>
            <line number="114" hits="228" branch="false"/>
            <line number="115" hits="228" branch="true" condition-coverage="0% (0/1)"/>
            <line number="116" hits="0" branch="false"/>
            <line number="117" hits="0" branch="false"/>
            <line number="118" hits="228" branch="true" condition-coverage="100% (1/1)"/>
            <line number="119" hits="35" branch="false"/>
            <line number="120" hits="35" branch="false"/>
            <line number="121" hits="193" branch="true" condition-coverage="100% (2/2)"/>
            <line number="122" hits="1" branch="false"/>
            <line number="123" hits="1" branch="false"/>
            <line number="124" hits="192" branch="true" condition-coverage="100% (2/2)"/>
            <line number="125" hits="2" branch="false"/>
            <line number="126" hits="2" branch="false"/>
            <line number="127" hits="190" branch="true" condition-coverage="100% (2/2)"/>
            <line number="128" hits="2" branch="false"/>
            <line number="129" hits="2" branch="false"/>
            <line number="130" hits="190" branch="true" condition-coverage="100% (1/1)"/>
            <line number="131" hits="1" branch="false"/>
            <line number="132" hits="1" branch="false"/>
            <line number="133" hits="190" branch="true" condition-coverage="100% (1/1)"/>
            <line number="134" hits="1" branch="false"/>
            <line number="135" hits="1" branch="false"/>
            <line number="136" hits="190" branch="true" condition-coverage="100% (1/1)"/>
            <line number="137" hits="1" branch="false"/>
            <line number="138" hits="1" branch="false"/>
            <line number="139" hits="190" branch="true" condition-coverage="100% (1/1)"/>
            <line number="140" hits="72" branch="true" condition-coverage="100% (2/2)"/>
            <line number="141" hits="72" branch="false"/>
            <line number="142" hits="113" branch="true" condition-coverage="100% (1/1)"/>
            <line number="143" hits="113" branch="false"/>
            <line number="144" hits="113" branch="false"/>
            <line number="145" hits="228" branch="false"/>
            <line number="146" hits="228" branch="false"/>
            <line number="147" hits="1" branch="true" condition-coverage="100% (1/1)"/>
            <line number="148" hits="596" branch="false"/>
            <line number="149" hits="596" branch="false"/>
            <line number="150" hits="596" branch="false"/>
            <line number="151" hits="1" branch="true" condition-coverage="100% (1/1)"/>
            <line number="152" hits="100" branch="false"/>
            <line number="153" hits="100" branch="false"/>
            <line number="154" hits="1" branch="true" condition-coverage="100% (1/1)"/>
            <line number="155" hits="3" branch="false"/>
            <line number="156" hits="3" branch="false"/>
            <line number="157" hits="1" branch="true" condition-coverage="100% (1/1)"/>
            <line number="158" hits="25" branch="false"/>
            <line number="159" hits="25" branch="false"/>
            <line number="160" hits="1" branch="true" condition-coverage="100% (1/1)"/>
            <line number="161" hits="23" branch="false"/>
            <line number="162" hits="23" branch="false"/>
            <line number="163" hits="1" branch="true" condition-coverage="100% (1/1)"/>
            <line number="164" hits="25" branch="false"/>
            <line number="165" hits="25" branch="false"/>
            <line number="166" hits="1" branch="true" condition-coverage="100% (1/1)"/>
            <line number="167" hits="679" branch="false"/>
            <line number="168" hits="679" branch="false"/>
            <line number="169" hits="679" branch="false"/>
            <line number="170" hits="1" branch="true" condition-coverage="100% (1/1)"/>
            <line number="171" hits="234" branch="false"/>
            <line number="172" hits="234" branch="false"/>
            <line number="173" hits="1" branch="false"/>
            <line number="174" hits="0" branch="false"/>
            <line number="175" hits="0" branch="false"/>
            <line number="176" hits="1" branch="true" condition-coverage="100% (1/1)"/>
            <line number="177" hits="25" branch="false"/>
            <line number="178" hits="25" branch="false"/>
            <line number="179" hits="1" branch="true" condition-coverage="100% (1/1)"/>
            <line number="180" hits="38" branch="false"/>
            <line number="181" hits="38" branch="false"/>
            <line number="182" hits="1" branch="true" condition-coverage="100% (1/1)"/>
            <line number="183" hits="25" branch="false"/>
            <line number="184" hits="25" branch="false"/>
            <line number="185" hits="1" branch="true" condition-coverage="100% (1/1)"/>
            <line number="186" hits="153" branch="false"/>
            <line number="187" hits="153" branch="false"/>
            <line number="188" hits="1" branch="true" condition-coverage="100% (1/1)"/>
            <line number="189" hits="228" branch="false"/>
            <line number="190" hits="228" branch="false"/>
            <line number="191" hits="1" branch="true" condition-coverage="100% (1/1)"/>
            <line number="192" hits="244" branch="false"/>
            <line number="193" hits="244" branch="false"/>
            <line number="194" hits="244" branch="false"/>
            <line number="195" hits="1" branch="true" condition-coverage="100% (1/1)"/>
            <line number="196" hits="3" branch="false"/>
            <line number="197" hits="3" branch="false"/>
            <line number="198" hits="1" branch="true" condition-coverage="100% (1/1)"/>
            <line number="199" hits="23" branch="false"/>
            <line number="200" hits="23" branch="false"/>
            <line number="201" hits="1" branch="true" condition-coverage="100% (1/1)"/>
            <line number="202" hits="25" branch="false"/>
            <line number="203" hits="25" branch="false"/>
            <line number="204" hits="1" branch="true" condition-coverage="100% (1/1)"/>
            <line number="205" hits="242" branch="false"/>
            <line number="206" hits="242" branch="false"/>
            <line number="207" hits="1" branch="false"/>
            <line number="208" hits="0" branch="false"/>
            <line number="209" hits="0" branch="false"/>
            <line number="210" hits="1" branch="true" condition-coverage="100% (1/1)"/>
            <line number="211" hits="299" branch="false"/>
            <line number="212" hits="299" branch="false"/>
            <line number="213" hits="1" branch="true" condition-coverage="100% (1/1)"/>
            <line number="214" hits="228" branch="false"/>
            <line number="215" hits="228" branch="false"/>
            <line number="216" hits="1" branch="false"/>
            <line number="217" hits="0" branch="false"/>
            <line number="218" hits="0" branch="false"/>
            <line number="219" hits="1" branch="true" condition-coverage="100% (1/1)"/>
            <line number="220" hits="675" branch="false"/>
            <line number="221" hits="675" branch="false"/>
            <line number="222" hits="1" branch="false"/>
            <line number="223" hits="0" branch="false"/>
            <line number="224" hits="0" branch="false"/>
            <line number="225" hits="1" branch="false"/>
            <line number="226" hits="0" branch="false"/>
            <line number="227" hits="0" branch="false"/>
            <line number="228" hits="1" branch="false"/>
            <line number="229" hits="0" branch="false"/>
            <line number="230" hits="0" branch="false"/>
            <line number="231" hits="1" branch="false"/>
            <line number="232" hits="1" branch="false"/>
            <line number="233" hits="1" branch="false"/>
            <line number="234" hits="1" branch="false"/>
            <line number="235" hits="1" branch="true" condition-coverage="100% (1/1)"/>
            <line number="236" hits="4" branch="false"/>
            <line number="237" hits="4" branch="false"/>
            <line number="238" hits="4" branch="false"/>
            <line number="239" hits="4" branch="false"/>
            <line number="240" hits="1" branch="true" condition-coverage="100% (1/1)"/>
            <line number="241" hits="2" branch="false"/>
            <line number="242" hits="2" branch="false"/>
            <line number="243" hits="1" branch="false"/>
            <line number="244" hits="0" branch="false"/>
            <line number="245" hits="0" branch="false"/>
            <line number="246" hits="1" branch="true" condition-coverage="100% (1/1)"/>
            <line number="247" hits="3" branch="false"/>
            <line number="248" hits="3" branch="false"/>
            <line number="249" hits="1" branch="false"/>
            <line number="250" hits="0" branch="false"/>
            <line number="251" hits="0" branch="false"/>
            <line number="252" hits="1" branch="true" condition-coverage="100% (1/1)"/>
            <line number="253" hits="3" branch="false"/>
            <line number="254" hits="3" branch="false"/>
            <line number="255" hits="1" branch="false"/>
            <line number="256" hits="1" branch="false"/>
            <line number="257" hits="1" branch="false"/>
            <line number="258" hits="1" branch="true" condition-coverage="100% (1/1)"/>
            <line number="259" hits="25" branch="false"/>
            <line number="260" hits="25" branch="false"/>
            <line number="261" hits="25" branch="false"/>
            <line number="262" hits="25" branch="true" condition-coverage="100% (3/3)"/>
            <line number="263" hits="2" branch="false"/>
            <line number="264" hits="2" branch="false"/>
            <line number="265" hits="23" branch="true" condition-coverage="100% (1/1)"/>
            <line number="266" hits="23" branch="true" condition-coverage="100% (2/2)"/>
            <line number="267" hits="23" branch="false"/>
            <line number="268" hits="23" branch="false"/>
            <line number="269" hits="23" branch="false"/>
            <line number="270" hits="23" branch="false"/>
            <line number="271" hits="23" branch="false"/>
            <line number="272" hits="23" branch="false"/>
            <line number="273" hits="25" branch="false"/>
            <line number="274" hits="25" branch="false"/>
            <line number="275" hits="25" branch="false"/>
            <line number="276" hits="25" branch="false"/>
            <line number="277" hits="1" branch="true" condition-coverage="100% (1/1)"/>
            <line number="278" hits="228" branch="false"/>
            <line number="279" hits="228" branch="false"/>
            <line number="280" hits="228" branch="false"/>
            <line number="281" hits="1" branch="true" condition-coverage="100% (1/1)"/>
            <line number="282" hits="228" branch="false"/>
            <line number="283" hits="228" branch="true" condition-coverage="100% (1/1)"/>
            <line number="284" hits="228" branch="true" condition-coverage="100% (2/2)"/>
            <line number="285" hits="104" branch="false"/>
            <line number="286" hits="104" branch="false"/>
            <line number="287" hits="228" branch="false"/>
            <line number="288" hits="1" branch="true" condition-coverage="100% (1/1)"/>
            <line number="289" hits="203" branch="false"/>
            <line number="290" hits="203" branch="true" condition-coverage="100% (1/1)"/>
            <line number="291" hits="203" branch="true" condition-coverage="100% (1/1)"/>
            <line number="292" hits="203" branch="false"/>
            <line number="293" hits="1" branch="true" condition-coverage="100% (1/1)"/>
            <line number="294" hits="4" branch="false"/>
            <line number="295" hits="4" branch="false"/>
            <line number="296" hits="4" branch="false"/>
            <line number="297" hits="1" branch="true" condition-coverage="100% (1/1)"/>
            <line number="298" hits="3" branch="false"/>
            <line number="299" hits="3" branch="false"/>
            <line number="300" hits="3" branch="false"/>
            <line number="301" hits="3" branch="false"/>
            <line number="302" hits="3" branch="true" condition-coverage="0% (0/1)"/>
            <line number="303" hits="0" branch="false"/>
            <line number="304" hits="0" branch="false"/>
            <line number="305" hits="3" branch="false"/>
            <line number="306" hits="3" branch="false"/>
            <line number="307" hits="3" branch="false"/>
            <line number="308" hits="3" branch="true" condition-coverage="0% (0/1)"/>
            <line number="309" hits="0" branch="false"/>
            <line number="310" hits="0" branch="false"/>
            <line number="311" hits="0" branch="false"/>
            <line number="312" hits="3" branch="true" condition-coverage="0% (0/1)"/>
            <line number="313" hits="0" branch="false"/>
            <line number="314" hits="3" branch="false"/>
            <line number="315" hits="3" branch="false"/>
            <line number="316" hits="3" branch="false"/>
            <line number="317" hits="1" branch="false"/>
            <line number="318" hits="0" branch="false"/>
            <line number="319" hits="0" branch="false"/>
            <line number="320" hits="0" branch="false"/>
            <line number="321" hits="0" branch="false"/>
            <line number="322" hits="0" branch="false"/>
            <line number="323" hits="0" branch="false"/>
            <line number="324" hits="0" branch="false"/>
            <line number="325" hits="0" branch="false"/>
            <line number="326" hits="0" branch="false"/>
            <line number="327" hits="0" branch="false"/>
            <line number="328" hits="0" branch="false"/>
            <line number="329" hits="0" branch="false"/>
            <line number="330" hits="0" branch="false"/>
            <line number="331" hits="0" branch="false"/>
            <line number="332" hits="0" branch="false"/>
            <line number="333" hits="0" branch="false"/>
            <line number="334" hits="0" branch="false"/>
            <line number="335" hits="0" branch="false"/>
            <line number="336" hits="1" branch="true" condition-coverage="100% (1/1)"/>
            <line number="337" hits="28" branch="false"/>
            <line number="338" hits="28" branch="false"/>
            <line number="339" hits="1" branch="true" condition-coverage="100% (1/1)"/>
            <line number="340" hits="3" branch="false"/>
            <line number="341" hits="3" branch="false"/>
            <line number="342" hits="1" branch="true" condition-coverage="100% (1/1)"/>
            <line number="343" hits="100" branch="false"/>
            <line number="344" hits="100" branch="false"/>
            <line number="345" hits="1" branch="true" condition-coverage="100% (1/1)"/>
            <line number="346" hits="649" branch="false"/>
            <line number="347" hits="649" branch="false"/>
            <line number="348" hits="1" branch="true" condition-coverage="100% (1/1)"/>
            <line number="349" hits="25" branch="false"/>
            <line number="350" hits="25" branch="false"/>
            <line number="351" hits="1" branch="true" condition-coverage="100% (1/1)"/>
            <line number="352" hits="25" branch="false"/>
            <line number="353" hits="25" branch="false"/>
            <line number="354" hits="25" branch="true" condition-coverage="100% (2/2)"/>
            <line number="355" hits="25" branch="true" condition-coverage="100% (3/3)"/>
            <line number="356" hits="25" branch="true" condition-coverage="100% (3/3)"/>
            <line number="357" hits="25" branch="true" condition-coverage="100% (3/3)"/>
            <line number="358" hits="25" branch="false"/>
            <line number="359" hits="25" branch="false"/>
            <line number="360" hits="1" branch="true" condition-coverage="100% (1/1)"/>
            <line number="361" hits="25" branch="false"/>
            <line number="362" hits="25" branch="false"/>
            <line number="363" hits="25" branch="false"/>
            <line number="364" hits="25" branch="false"/>
            <line number="365" hits="25" branch="false"/>
            <line number="366" hits="25" branch="false"/>
            <line number="367" hits="25" branch="false"/>
            <line number="368" hits="25" branch="false"/>
            <line number="369" hits="25" branch="false"/>
            <line number="370" hits="25" branch="false"/>
            <line number="371" hits="25" branch="false"/>
            <line number="372" hits="25" branch="false"/>
            <line number="373" hits="1" branch="true" condition-coverage="100% (1/1)"/>
            <line number="374" hits="3" branch="true" condition-coverage="0% (0/1)"/>
            <line number="375" hits="0" branch="false"/>
            <line number="376" hits="0" branch="false"/>
            <line number="377" hits="3" branch="true" condition-coverage="0% (0/1)"/>
            <line number="378" hits="0" branch="false"/>
            <line number="379" hits="0" branch="false"/>
            <line number="380" hits="3" branch="false"/>
            <line number="381" hits="1" branch="false"/>
            <line number="382" hits="1" branch="false"/>
            <line number="383" hits="1" branch="false"/>
            <line number="384" hits="1" branch="true" condition-coverage="100% (1/1)"/>
            <line number="385" hits="154" branch="false"/>
            <line number="386" hits="154" branch="false"/>
            <line number="387" hits="1" branch="true" condition-coverage="100% (1/1)"/>
            <line number="388" hits="12" branch="false"/>
            <line number="389" hits="12" branch="false"/>
            <line number="390" hits="12" branch="false"/>
            <line number="391" hits="1" branch="true" condition-coverage="100% (1/1)"/>
            <line number="392" hits="48" branch="false"/>
            <line number="393" hits="48" branch="false"/>
            <line number="394" hits="48" branch="false"/>
            <line number="395" hits="1" branch="false"/>
            <line number="396" hits="0" branch="false"/>
            <line number="397" hits="0" branch="false"/>
            <line number="398" hits="0" branch="false"/>
            <line number="399" hits="0" branch="false"/>
            <line number="400" hits="1" branch="true" condition-coverage="100% (1/1)"/>
            <line number="401" hits="23" branch="false"/>
            <line number="402" hits="23" branch="false"/>
            <line number="403" hits="1" branch="false"/>
            <line number="404" hits="0" branch="false"/>
            <line number="405" hits="0" branch="false"/>
            <line number="406" hits="1" branch="true" condition-coverage="100% (1/1)"/>
            <line number="407" hits="38" branch="false"/>
            <line number="408" hits="38" branch="false"/>
            <line number="409" hits="1" branch="true" condition-coverage="100% (1/1)"/>
            <line number="410" hits="49" branch="false"/>
            <line number="411" hits="49" branch="false"/>
            <line number="412" hits="1" branch="true" condition-coverage="100% (1/1)"/>
            <line number="413" hits="23" branch="false"/>
            <line number="414" hits="23" branch="false"/>
            <line number="415" hits="1" branch="true" condition-coverage="100% (1/1)"/>
            <line number="416" hits="23" branch="false"/>
            <line number="417" hits="23" branch="false"/>
            <line number="418" hits="1" branch="true" condition-coverage="100% (1/1)"/>
            <line number="419" hits="26" branch="false"/>
            <line number="420" hits="26" branch="false"/>
            <line number="421" hits="1" branch="false"/>
            <line number="422" hits="0" branch="false"/>
            <line number="423" hits="0" branch="false"/>
            <line number="424" hits="1" branch="false"/>
            <line number="425" hits="1" branch="false"/>
          </lines>
        </class>
        <class name="what_is_it.js" filename="lib/src/what_is_it.js" line-rate="0.9305" branch-rate="0.6956">
          <methods>
            <method name="refineDescriptorAndName" hits="184" signature="()V">
              <lines>
                <line number="4" hits="184"/>
              </lines>
            </method>
            <method name="toLower" hits="104" signature="()V">
              <lines>
                <line number="20" hits="104"/>
              </lines>
            </method>
            <method name="toUpper" hits="0" signature="()V">
              <lines>
                <line number="21" hits="0"/>
              </lines>
            </method>
            <method name="whichNumber" hits="28" signature="()V">
              <lines>
                <line number="22" hits="28"/>
              </lines>
            </method>
            <method name="whichFunction" hits="40" signature="()V">
              <lines>
                <line number="36" hits="40"/>
              </lines>
            </method>
            <method name="whatIsIt" hits="156" signature="()V">
              <lines>
                <line number="48" hits="156"/>
              </lines>
            </method>
          </methods>
          <lines>
            <line number="1" hits="1" branch="true" condition-coverage="100% (1/1)"/>
            <line number="2" hits="1" branch="false"/>
            <line number="3" hits="1" branch="false"/>
            <line number="4" hits="184" branch="true" condition-coverage="100% (1/1)"/>
            <line number="5" hits="184" branch="true" condition-coverage="0% (0/1)"/>
            <line number="6" hits="0" branch="false"/>
            <line number="7" hits="0" branch="false"/>
            <line number="8" hits="184" branch="true" condition-coverage="100% (2/2)"/>
            <line number="9" hits="184" branch="false"/>
            <line number="10" hits="184" branch="false"/>
            <line number="11" hits="184" branch="true" condition-coverage="100% (1/1)"/>
            <line number="12" hits="1136" branch="false"/>
            <line number="13" hits="1136" branch="false"/>
            <line number="14" hits="184" branch="false"/>
            <line number="15" hits="184" branch="true" condition-coverage="100% (1/1)"/>
            <line number="16" hits="1372" branch="false"/>
            <line number="17" hits="1372" branch="false"/>
            <line number="18" hits="184" branch="true" condition-coverage="0% (0/1)"/>
            <line number="19" hits="184" branch="false"/>
            <line number="20" hits="1" branch="true" condition-coverage="25% (1/4)"/>
            <line number="21" hits="1" branch="false"/>
            <line number="22" hits="1" branch="true" condition-coverage="100% (1/1)"/>
            <line number="23" hits="28" branch="true" condition-coverage="0% (0/1)"/>
            <line number="24" hits="28" branch="true" condition-coverage="100% (1/1)"/>
            <line number="25" hits="4" branch="true" condition-coverage="66.66666666666666% (2/3)"/>
            <line number="26" hits="4" branch="false"/>
            <line number="27" hits="28" branch="false"/>
            <line number="28" hits="28" branch="false"/>
            <line number="29" hits="28" branch="true" condition-coverage="100% (1/1)"/>
            <line number="30" hits="28" branch="true" condition-coverage="100% (1/1)"/>
            <line number="31" hits="28" branch="true" condition-coverage="100% (1/1)"/>
            <line number="32" hits="8" branch="true" condition-coverage="66.66666666666666% (2/3)"/>
            <line number="33" hits="8" branch="false"/>
            <line number="34" hits="28" branch="false"/>
            <line number="35" hits="1" branch="false"/>
            <line number="36" hits="1" branch="true" condition-coverage="100% (1/1)"/>
            <line number="37" hits="40" branch="false"/>
            <line number="38" hits="40" branch="true" condition-coverage="100% (1/1)"/>
            <line number="39" hits="16" branch="false"/>
            <line number="40" hits="16" branch="false"/>
            <line number="41" hits="24" branch="true" condition-coverage="100% (1/1)"/>
            <line number="42" hits="24" branch="true" condition-coverage="100% (2/2)"/>
            <line number="43" hits="24" branch="false"/>
            <line number="44" hits="0" branch="true" condition-coverage="0% (0/1)"/>
            <line number="45" hits="0" branch="false"/>
            <line number="46" hits="0" branch="false"/>
            <line number="47" hits="1" branch="false"/>
            <line number="48" hits="156" branch="true" condition-coverage="100% (1/1)"/>
            <line number="49" hits="156" branch="false"/>
            <line number="50" hits="156" branch="true" condition-coverage="100% (1/1)"/>
            <line number="51" hits="8" branch="false"/>
            <line number="52" hits="8" branch="false"/>
            <line number="53" hits="156" branch="true" condition-coverage="100% (2/2)"/>
            <line number="54" hits="4" branch="false"/>
            <line number="55" hits="4" branch="false"/>
            <line number="56" hits="156" branch="false"/>
            <line number="57" hits="156" branch="true" condition-coverage="60% (3/5)"/>
            <line number="58" hits="156" branch="false"/>
            <line number="59" hits="156" branch="false"/>
            <line number="60" hits="156" branch="true" condition-coverage="100% (1/1)"/>
            <line number="61" hits="28" branch="false"/>
            <line number="62" hits="156" branch="true" condition-coverage="100% (1/1)"/>
            <line number="63" hits="40" branch="false"/>
            <line number="64" hits="156" branch="true" condition-coverage="100% (1/1)"/>
            <line number="65" hits="20" branch="true" condition-coverage="0% (0/1)"/>
            <line number="66" hits="156" branch="true" condition-coverage="100% (1/1)"/>
            <line number="67" hits="56" branch="false"/>
            <line number="68" hits="56" branch="true" condition-coverage="0% (0/1)"/>
            <line number="69" hits="56" branch="true" condition-coverage="0% (0/1)"/>
            <line number="70" hits="156" branch="false"/>
            <line number="71" hits="156" branch="false"/>
            <line number="72" hits="1" branch="false"/>
          </lines>
        </class>
      </classes>
    </package>
  </packages>
</coverage>
