{"total": {"lines":{"total":763,"covered":743,"skipped":0,"pct":97.37},"statements":{"total":763,"covered":743,"skipped":0,"pct":97.37},"functions":{"total":83,"covered":77,"skipped":0,"pct":92.77},"branches":{"total":279,"covered":259,"skipped":0,"pct":92.83},"branchesTrue":{"total":0,"covered":0,"skipped":0,"pct":"Unknown"}}
,"/media/a/f8422fd2-b1bb-457f-a700-9f56bdc2ca14/Dropbox/code/lenka/lib/src/engine.js": {"lines":{"total":104,"covered":104,"skipped":0,"pct":100},"functions":{"total":6,"covered":6,"skipped":0,"pct":100},"statements":{"total":104,"covered":104,"skipped":0,"pct":100},"branches":{"total":35,"covered":35,"skipped":0,"pct":100}}
,"/media/a/f8422fd2-b1bb-457f-a700-9f56bdc2ca14/Dropbox/code/lenka/lib/src/is_it_the_same_as.js": {"lines":{"total":109,"covered":109,"skipped":0,"pct":100},"functions":{"total":8,"covered":8,"skipped":0,"pct":100},"statements":{"total":109,"covered":109,"skipped":0,"pct":100},"branches":{"total":65,"covered":62,"skipped":0,"pct":95.38}}
,"/media/a/f8422fd2-b1bb-457f-a700-9f56bdc2ca14/Dropbox/code/lenka/lib/src/service.js": {"lines":{"total":478,"covered":463,"skipped":0,"pct":96.86},"functions":{"total":63,"covered":58,"skipped":0,"pct":92.06},"statements":{"total":478,"covered":463,"skipped":0,"pct":96.86},"branches":{"total":133,"covered":130,"skipped":0,"pct":97.74}}
,"/media/a/f8422fd2-b1bb-457f-a700-9f56bdc2ca14/Dropbox/code/lenka/lib/src/what_is_it.js": {"lines":{"total":72,"covered":67,"skipped":0,"pct":93.05},"functions":{"total":6,"covered":5,"skipped":0,"pct":83.33},"statements":{"total":72,"covered":67,"skipped":0,"pct":93.05},"branches":{"total":46,"covered":32,"skipped":0,"pct":69.56}}
}
