{"total": {"lines":{"total":716,"covered":639,"skipped":0,"pct":89.24},"statements":{"total":716,"covered":639,"skipped":0,"pct":89.24},"functions":{"total":83,"covered":69,"skipped":0,"pct":83.13},"branches":{"total":249,"covered":224,"skipped":0,"pct":89.95},"branchesTrue":{"total":0,"covered":0,"skipped":0,"pct":"Unknown"}}
,"/media/a/f8422fd2-b1bb-457f-a700-9f56bdc2ca14/Dropbox/code/lenka/lib/src/engine.js": {"lines":{"total":128,"covered":128,"skipped":0,"pct":100},"functions":{"total":9,"covered":9,"skipped":0,"pct":100},"statements":{"total":128,"covered":128,"skipped":0,"pct":100},"branches":{"total":38,"covered":38,"skipped":0,"pct":100}}
,"/media/a/f8422fd2-b1bb-457f-a700-9f56bdc2ca14/Dropbox/code/lenka/lib/src/is_it_the_same_as.js": {"lines":{"total":95,"covered":95,"skipped":0,"pct":100},"functions":{"total":4,"covered":4,"skipped":0,"pct":100},"statements":{"total":95,"covered":95,"skipped":0,"pct":100},"branches":{"total":59,"covered":55,"skipped":0,"pct":93.22}}
,"/media/a/f8422fd2-b1bb-457f-a700-9f56bdc2ca14/Dropbox/code/lenka/lib/src/service.js": {"lines":{"total":425,"covered":350,"skipped":0,"pct":82.35},"functions":{"total":66,"covered":53,"skipped":0,"pct":80.3},"statements":{"total":425,"covered":350,"skipped":0,"pct":82.35},"branches":{"total":108,"covered":100,"skipped":0,"pct":92.59}}
,"/media/a/f8422fd2-b1bb-457f-a700-9f56bdc2ca14/Dropbox/code/lenka/lib/src/what_is_it.js": {"lines":{"total":68,"covered":66,"skipped":0,"pct":97.05},"functions":{"total":4,"covered":3,"skipped":0,"pct":75},"statements":{"total":68,"covered":66,"skipped":0,"pct":97.05},"branches":{"total":44,"covered":31,"skipped":0,"pct":70.45}}
}
